[ 2016-12-27T08:17:32+08:00 ] ::1 /thinkphp_3.2.3_full/index.php/Admin/Index/info.html
ERR: 非法操作:info

[ 2016-12-27T08:28:53+08:00 ] ::1 /thinkphp_3.2.3_full/index.php/Admin/Index/info.html
ERR: 非法操作:info

[ 2016-12-27T08:28:55+08:00 ] ::1 /thinkphp_3.2.3_full/index.php/Admin/Index/admin_list.html
ERR: 非法操作:admin_list

[ 2016-12-27T08:29:05+08:00 ] ::1 /thinkphp_3.2.3_full/index.php/Admin/Index/admin_list.html
ERR: 非法操作:admin_list

[ 2016-12-27T08:30:49+08:00 ] ::1 /thinkphp_3.2.3_full/index.php/Admin/Index/info.html
ERR: 非法操作:info

[ 2016-12-27T08:30:52+08:00 ] ::1 /thinkphp_3.2.3_full/index.php/Admin/Index/admin_list.html
ERR: 非法操作:admin_list

[ 2016-12-27T08:30:53+08:00 ] ::1 /thinkphp_3.2.3_full/index.php/Admin/Index/admin_list.html
ERR: 非法操作:admin_list

[ 2016-12-27T08:30:53+08:00 ] ::1 /thinkphp_3.2.3_full/index.php/Admin/Index/admin_list.html
ERR: 非法操作:admin_list

[ 2016-12-27T08:32:47+08:00 ] ::1 /thinkphp_3.2.3_full/index.php/Admin/Index/admin_list.html
ERR: 非法操作:admin_list

[ 2016-12-27T08:32:47+08:00 ] ::1 /thinkphp_3.2.3_full/index.php/Admin/Index/admin_list.html
ERR: 非法操作:admin_list

[ 2016-12-27T08:32:48+08:00 ] ::1 /thinkphp_3.2.3_full/index.php/Admin/Index/admin_list.html
ERR: 非法操作:admin_list

[ 2016-12-27T08:32:48+08:00 ] ::1 /thinkphp_3.2.3_full/index.php/Admin/Index/admin_list.html
ERR: 非法操作:admin_list

[ 2016-12-27T08:32:48+08:00 ] ::1 /thinkphp_3.2.3_full/index.php/Admin/Index/admin_list.html
ERR: 非法操作:admin_list

[ 2016-12-27T08:32:55+08:00 ] ::1 /thinkphp_3.2.3_full/index.php/Admin/Index/info.html
ERR: 非法操作:info

[ 2016-12-27T08:32:58+08:00 ] ::1 /thinkphp_3.2.3_full/index.php/Admin/Index/admin
ERR: 非法操作:admin

[ 2016-12-27T08:34:08+08:00 ] ::1 /thinkphp_3.2.3_full/index.php/Admin/Index/info.html
ERR: 非法操作:info

[ 2016-12-27T08:34:10+08:00 ] ::1 /thinkphp_3.2.3_full/index.php/Admin/Index/_Admin/admin
ERR: 非法操作:_Admin

[ 2016-12-27T08:34:11+08:00 ] ::1 /thinkphp_3.2.3_full/index.php/Admin/Index/_Admin/admin
ERR: 非法操作:_Admin

[ 2016-12-27T08:34:11+08:00 ] ::1 /thinkphp_3.2.3_full/index.php/Admin/Index/_Admin/admin
ERR: 非法操作:_Admin

[ 2016-12-27T08:34:19+08:00 ] ::1 /thinkphp_3.2.3_full/index.php/Admin/Index/_Admin/admin
ERR: 非法操作:_Admin

[ 2016-12-27T08:34:20+08:00 ] ::1 /thinkphp_3.2.3_full/index.php/Admin/Index/_Admin/admin
ERR: 非法操作:_Admin

[ 2016-12-27T08:34:20+08:00 ] ::1 /thinkphp_3.2.3_full/index.php/Admin/Index/_Admin/admin
ERR: 非法操作:_Admin

[ 2016-12-27T08:34:20+08:00 ] ::1 /thinkphp_3.2.3_full/index.php/Admin/Index/_Admin/admin
ERR: 非法操作:_Admin

[ 2016-12-27T08:34:20+08:00 ] ::1 /thinkphp_3.2.3_full/index.php/Admin/Index/_Admin/admin
ERR: 非法操作:_Admin

[ 2016-12-27T08:34:20+08:00 ] ::1 /thinkphp_3.2.3_full/index.php/Admin/Index/_Admin/admin
ERR: 非法操作:_Admin

[ 2016-12-27T08:34:23+08:00 ] ::1 /thinkphp_3.2.3_full/index.php/Admin/Index/info.html
ERR: 非法操作:info

[ 2016-12-27T08:34:25+08:00 ] ::1 /thinkphp_3.2.3_full/index.php/Admin/Index/Admin/admin
ERR: 非法操作:Admin

[ 2016-12-27T08:34:50+08:00 ] ::1 /thinkphp_3.2.3_full/index.php/Admin/Index/Admin/admin
ERR: 非法操作:Admin

[ 2016-12-27T08:34:50+08:00 ] ::1 /thinkphp_3.2.3_full/index.php/Admin/Index/Admin/admin
ERR: 非法操作:Admin

[ 2016-12-27T08:34:50+08:00 ] ::1 /thinkphp_3.2.3_full/index.php/Admin/Index/Admin/admin
ERR: 非法操作:Admin

[ 2016-12-27T08:34:52+08:00 ] ::1 /thinkphp_3.2.3_full/index.php/Admin/Index/info.html
ERR: 非法操作:info

[ 2016-12-27T08:34:53+08:00 ] ::1 /thinkphp_3.2.3_full/index.php/Admin/Index/admin
ERR: 非法操作:admin

[ 2016-12-27T08:34:54+08:00 ] ::1 /thinkphp_3.2.3_full/index.php/Admin/Index/admin
ERR: 非法操作:admin

[ 2016-12-27T08:34:54+08:00 ] ::1 /thinkphp_3.2.3_full/index.php/Admin/Index/admin
ERR: 非法操作:admin

[ 2016-12-27T08:34:54+08:00 ] ::1 /thinkphp_3.2.3_full/index.php/Admin/Index/admin
ERR: 非法操作:admin

[ 2016-12-27T08:35:58+08:00 ] ::1 /thinkphp_3.2.3_full/index.php/Admin/Index/info.html
ERR: 非法操作:info

[ 2016-12-27T08:36:00+08:00 ] ::1 /thinkphp_3.2.3_full/index.php/Admin/Index/admin
ERR: 非法操作:admin

[ 2016-12-27T08:42:28+08:00 ] ::1 /thinkphp_3.2.3_full/index.php/Admin/Index/admin
ERR: 非法操作:admin

[ 2016-12-27T08:44:24+08:00 ] ::1 /thinkphp_3.2.3_full/index.php/Admin/Index/info.html
ERR: 非法操作:info

[ 2016-12-27T08:44:27+08:00 ] ::1 /thinkphp_3.2.3_full/index.php/Admin/Admin/js/list.js
ERR: 非法操作:js

[ 2016-12-27T08:45:25+08:00 ] ::1 /thinkphp_3.2.3_full/index.php/Admin/Admin/js/list.js
ERR: 非法操作:js

[ 2016-12-27T08:45:25+08:00 ] ::1 /thinkphp_3.2.3_full/index.php/Admin/Admin/js/list.js
ERR: 非法操作:js

[ 2016-12-27T08:45:26+08:00 ] ::1 /thinkphp_3.2.3_full/index.php/Admin/Index/admin_add.html
ERR: 非法操作:admin_add

[ 2016-12-27T08:45:27+08:00 ] ::1 /thinkphp_3.2.3_full/index.php/Admin/Admin/js/list.js
ERR: 非法操作:js

[ 2016-12-27T08:45:27+08:00 ] ::1 /thinkphp_3.2.3_full/index.php/Admin/Admin/js/list.js
ERR: 非法操作:js

[ 2016-12-27T08:48:10+08:00 ] ::1 /thinkphp_3.2.3_full/index.php/Admin/Index/info.html
ERR: 非法操作:info

[ 2016-12-27T08:49:37+08:00 ] ::1 /thinkphp_3.2.3_full/index.php/Admin/info.html
ERR: 无法加载控制器:Info

[ 2016-12-27T08:49:44+08:00 ] ::1 /thinkphp_3.2.3_full/index.php/Admin/Admin/js/list.js
ERR: 非法操作:js

[ 2016-12-27T08:49:44+08:00 ] ::1 /thinkphp_3.2.3_full/index.php/Admin/Admin/js/list.js
ERR: 非法操作:js

[ 2016-12-27T08:52:07+08:00 ] ::1 /thinkphp_3.2.3_full/index.php/Admin/info.html
ERR: 无法加载控制器:Info

[ 2016-12-27T08:52:09+08:00 ] ::1 /thinkphp_3.2.3_full/index.php/Admin/Admin/js/list.js
ERR: 非法操作:js

[ 2016-12-27T08:52:09+08:00 ] ::1 /thinkphp_3.2.3_full/index.php/Admin/Admin/js/list.js
ERR: 非法操作:js

[ 2016-12-27T08:52:12+08:00 ] ::1 /thinkphp_3.2.3_full/index.php/Admin/info.html
ERR: 无法加载控制器:Info

[ 2016-12-27T08:52:56+08:00 ] ::1 /thinkphp_3.2.3_full/index.php/Admin/Admin/js/list.js
ERR: 非法操作:js

[ 2016-12-27T08:52:56+08:00 ] ::1 /thinkphp_3.2.3_full/index.php/Admin/Admin/js/list.js
ERR: 非法操作:js

[ 2016-12-27T08:53:00+08:00 ] ::1 /thinkphp_3.2.3_full/index.php/Admin/Admin/js/list.js
ERR: 非法操作:js

[ 2016-12-27T08:53:01+08:00 ] ::1 /thinkphp_3.2.3_full/index.php/Admin/Admin/js/list.js
ERR: 非法操作:js

[ 2016-12-27T08:55:23+08:00 ] ::1 /thinkphp_3.2.3_full/index.php/Admin/Admin/js/list.js
ERR: 非法操作:js

[ 2016-12-27T08:55:26+08:00 ] ::1 /thinkphp_3.2.3_full/index.php/Admin/Admin/js/list.js
ERR: 非法操作:js

[ 2016-12-27T08:55:29+08:00 ] ::1 /thinkphp_3.2.3_full/index.php/Admin/Admin/js/list.js
ERR: 非法操作:js

[ 2016-12-27T08:55:31+08:00 ] ::1 /thinkphp_3.2.3_full/index.php/Admin/Admin/js/list.js
ERR: 非法操作:js

[ 2016-12-27T08:55:31+08:00 ] ::1 /thinkphp_3.2.3_full/index.php/Admin/Admin/js/list.js
ERR: 非法操作:js

[ 2016-12-27T08:55:51+08:00 ] ::1 /thinkphp_3.2.3_full/index.php/Admin/Admin/js/list.js
ERR: 非法操作:js

[ 2016-12-27T08:55:51+08:00 ] ::1 /thinkphp_3.2.3_full/index.php/Admin/Admin/js/list.js
ERR: 非法操作:js

[ 2016-12-27T08:58:14+08:00 ] ::1 /thinkphp_3.2.3_full/index.php/Admin/Admin/js/list.js
ERR: 非法操作:js

[ 2016-12-27T08:58:20+08:00 ] ::1 /thinkphp_3.2.3_full/index.php/Admin/Admin/js/list.js
ERR: 非法操作:js

[ 2016-12-27T08:58:20+08:00 ] ::1 /thinkphp_3.2.3_full/index.php/Admin/Admin/js/list.js
ERR: 非法操作:js

[ 2016-12-27T08:58:51+08:00 ] ::1 /thinkphp_3.2.3_full/index.php/Admin/Admin/js/list.js
ERR: 非法操作:js

[ 2016-12-27T08:58:51+08:00 ] ::1 /thinkphp_3.2.3_full/index.php/Admin/Admin/js/list.js
ERR: 非法操作:js

[ 2016-12-27T08:58:53+08:00 ] ::1 /thinkphp_3.2.3_full/index.php/Admin/Admin/js/list.js
ERR: 非法操作:js

[ 2016-12-27T08:58:53+08:00 ] ::1 /thinkphp_3.2.3_full/index.php/Admin/Admin/js/list.js
ERR: 非法操作:js

[ 2016-12-27T08:59:00+08:00 ] ::1 /thinkphp_3.2.3_full/index.php/Admin/Admin/js/list.js
ERR: 非法操作:js

[ 2016-12-27T08:59:00+08:00 ] ::1 /thinkphp_3.2.3_full/index.php/Admin/Admin/js/list.js
ERR: 非法操作:js

[ 2016-12-27T08:59:22+08:00 ] ::1 /thinkphp_3.2.3_full/index.php/Admin/Admin/js/list.js
ERR: 非法操作:js

[ 2016-12-27T08:59:23+08:00 ] ::1 /thinkphp_3.2.3_full/index.php/Admin/Admin/js/list.js
ERR: 非法操作:js

[ 2016-12-27T08:59:28+08:00 ] ::1 /thinkphp_3.2.3_full/index.php/Admin/Admin/js/list.js
ERR: 非法操作:js

[ 2016-12-27T08:59:40+08:00 ] ::1 /thinkphp_3.2.3_full/index.php/Admin/Admin/js/list.js
ERR: 非法操作:js

[ 2016-12-27T08:59:40+08:00 ] ::1 /thinkphp_3.2.3_full/index.php/Admin/Admin/js/list.js
ERR: 非法操作:js

[ 2016-12-27T08:59:46+08:00 ] ::1 /thinkphp_3.2.3_full/index.php/Admin/Admin/js/list.js
ERR: 非法操作:js

[ 2016-12-27T08:59:46+08:00 ] ::1 /thinkphp_3.2.3_full/index.php/Admin/Admin/js/list.js
ERR: 非法操作:js

[ 2016-12-27T09:00:32+08:00 ] ::1 /thinkphp_3.2.3_full/index.php/Admin/Admin/js/list.js
ERR: 非法操作:js

[ 2016-12-27T09:00:32+08:00 ] ::1 /thinkphp_3.2.3_full/index.php/Admin/Admin/js/list.js
ERR: 非法操作:js

[ 2016-12-27T09:05:02+08:00 ] ::1 /thinkphp_3.2.3_full/index.php/Admin/Admin/js/list.js
ERR: 非法操作:js

[ 2016-12-27T09:05:02+08:00 ] ::1 /thinkphp_3.2.3_full/index.php/Admin/Admin/js/list.js
ERR: 非法操作:js

[ 2016-12-27T09:05:10+08:00 ] ::1 /thinkphp_3.2.3_full/index.php/Admin/Admin/js/list.js
ERR: 非法操作:js

[ 2016-12-27T09:05:10+08:00 ] ::1 /thinkphp_3.2.3_full/index.php/Admin/Admin/js/list.js
ERR: 非法操作:js

[ 2016-12-27T09:05:58+08:00 ] ::1 /thinkphp_3.2.3_full/index.php/Admin/Admin/js/list.js
ERR: 非法操作:js

[ 2016-12-27T09:05:58+08:00 ] ::1 /thinkphp_3.2.3_full/index.php/Admin/Admin/js/list.js
ERR: 非法操作:js

[ 2016-12-27T09:06:01+08:00 ] ::1 /thinkphp_3.2.3_full/index.php/Admin/Admin/js/list.js
ERR: 非法操作:js

[ 2016-12-27T09:06:01+08:00 ] ::1 /thinkphp_3.2.3_full/index.php/Admin/Admin/js/list.js
ERR: 非法操作:js

[ 2016-12-27T09:06:02+08:00 ] ::1 /thinkphp_3.2.3_full/index.php/Admin/Admin/js/list.js
ERR: 非法操作:js

[ 2016-12-27T09:06:04+08:00 ] ::1 /thinkphp_3.2.3_full/index.php/Admin/Admin/js/list.js
ERR: 非法操作:js

[ 2016-12-27T09:06:04+08:00 ] ::1 /thinkphp_3.2.3_full/index.php/Admin/Admin/js/list.js
ERR: 非法操作:js

[ 2016-12-27T09:10:29+08:00 ] ::1 /thinkphp_3.2.3_full/index.php/Admin/Admin/js/list.js
ERR: 非法操作:js

[ 2016-12-27T09:10:29+08:00 ] ::1 /thinkphp_3.2.3_full/index.php/Admin/Admin/js/list.js
ERR: 非法操作:js

[ 2016-12-27T09:13:08+08:00 ] ::1 /thinkphp_3.2.3_full/index.php/Admin/Admin/js/list.js
ERR: 非法操作:js

[ 2016-12-27T09:13:08+08:00 ] ::1 /thinkphp_3.2.3_full/index.php/Admin/Admin/js/list.js
ERR: 非法操作:js

[ 2016-12-27T09:25:07+08:00 ] ::1 /thinkphp_3.2.3_full/index.php/Admin/Admin/js/list.js
ERR: 非法操作:js

[ 2016-12-27T09:25:19+08:00 ] ::1 /thinkphp_3.2.3_full/index.php/Admin/Admin/js/list.js
ERR: 非法操作:js

[ 2016-12-27T09:25:19+08:00 ] ::1 /thinkphp_3.2.3_full/index.php/Admin/Admin/js/list.js
ERR: 非法操作:js

[ 2016-12-27T09:25:22+08:00 ] ::1 /thinkphp_3.2.3_full/index.php/Admin/Admin/js/list.js
ERR: 非法操作:js

[ 2016-12-27T09:27:35+08:00 ] ::1 /thinkphp_3.2.3_full/index.php/Admin/Admin/js/list.js
ERR: 非法操作:js

[ 2016-12-27T09:27:35+08:00 ] ::1 /thinkphp_3.2.3_full/index.php/Admin/Admin/js/list.js
ERR: 非法操作:js

[ 2016-12-27T09:27:36+08:00 ] ::1 /thinkphp_3.2.3_full/index.php/Admin/Admin/js/list.js
ERR: 非法操作:js

[ 2016-12-27T09:27:46+08:00 ] ::1 /thinkphp_3.2.3_full/index.php/Admin/Admin/js/list.js
ERR: 非法操作:js

[ 2016-12-27T17:23:43+08:00 ] ::1 /thinkphp_3.2.3_full/index.php/Admin/Index/info.html
ERR: 非法操作:info

[ 2016-12-27T17:23:46+08:00 ] ::1 /thinkphp_3.2.3_full/index.php/Admin/Index/list.html
ERR: 非法操作:list

[ 2016-12-27T18:45:58+08:00 ] ::1 /thinkphp_3.2.3_full/index.php/Admin/Index/index
INFO: [ app_init ] --START--
INFO: Run Behavior\BuildLiteBehavior [ RunTime:0.000000s ]
INFO: [ app_init ] --END-- [ RunTime:0.001000s ]
INFO: [ app_begin ] --START--
INFO: Run Behavior\ReadHtmlCacheBehavior [ RunTime:0.002000s ]
INFO: [ app_begin ] --END-- [ RunTime:0.002000s ]
NOTIC: [8] A session had already been started - ignoring session_start() D:\phpStudy\WWW\thinkphp_3.2.3_full\ThinkPHP\Common\functions.php 第 1263 行.
INFO: [ view_parse ] --START--
INFO: [ template_filter ] --START--
INFO: Run Behavior\ContentReplaceBehavior [ RunTime:0.000000s ]
INFO: [ template_filter ] --END-- [ RunTime:0.000000s ]
INFO: Run Behavior\ParseTemplateBehavior [ RunTime:0.010001s ]
INFO: [ view_parse ] --END-- [ RunTime:0.010001s ]
INFO: [ view_filter ] --START--
INFO: Run Behavior\WriteHtmlCacheBehavior [ RunTime:0.000000s ]
INFO: [ view_filter ] --END-- [ RunTime:0.000000s ]
INFO: [ app_end ] --START--
INFO: Run Behavior\ShowPageTraceBehavior [ RunTime:0.001000s ]
INFO: [ app_end ] --END-- [ RunTime:0.001000s ]

[ 2016-12-27T18:45:59+08:00 ] ::1 /thinkphp_3.2.3_full/index.php/Admin/Admin/admin_list
INFO: [ app_init ] --START--
INFO: Run Behavior\BuildLiteBehavior [ RunTime:0.000000s ]
INFO: [ app_init ] --END-- [ RunTime:0.000000s ]
INFO: [ app_begin ] --START--
INFO: Run Behavior\ReadHtmlCacheBehavior [ RunTime:0.001001s ]
INFO: [ app_begin ] --END-- [ RunTime:0.001001s ]
NOTIC: [8] A session had already been started - ignoring session_start() D:\phpStudy\WWW\thinkphp_3.2.3_full\ThinkPHP\Common\functions.php 第 1263 行.
SQL: SHOW COLUMNS FROM `nc_admin` [ RunTime:0.0000s ]
SQL: SELECT * FROM `nc_admin`  [ RunTime:0.0000s ]
INFO: [ view_parse ] --START--
INFO: [ template_filter ] --START--
INFO: Run Behavior\ContentReplaceBehavior [ RunTime:0.000000s ]
INFO: [ template_filter ] --END-- [ RunTime:0.000000s ]
INFO: Run Behavior\ParseTemplateBehavior [ RunTime:0.015600s ]
INFO: [ view_parse ] --END-- [ RunTime:0.015600s ]
INFO: [ view_filter ] --START--
INFO: Run Behavior\WriteHtmlCacheBehavior [ RunTime:0.000000s ]
INFO: [ view_filter ] --END-- [ RunTime:0.000000s ]
INFO: [ app_end ] --START--
INFO: Run Behavior\ShowPageTraceBehavior [ RunTime:0.000000s ]
INFO: [ app_end ] --END-- [ RunTime:0.000000s ]

[ 2016-12-27T18:46:07+08:00 ] ::1 /thinkphp_3.2.3_full/index.php/Admin/Index/index
INFO: [ app_init ] --START--
INFO: Run Behavior\BuildLiteBehavior [ RunTime:0.000000s ]
INFO: [ app_init ] --END-- [ RunTime:0.001250s ]
INFO: [ app_begin ] --START--
INFO: Run Behavior\ReadHtmlCacheBehavior [ RunTime:0.001250s ]
INFO: [ app_begin ] --END-- [ RunTime:0.001250s ]
NOTIC: [8] A session had already been started - ignoring session_start() D:\phpStudy\WWW\thinkphp_3.2.3_full\ThinkPHP\Common\functions.php 第 1263 行.
INFO: [ view_parse ] --START--
INFO: [ template_filter ] --START--
INFO: Run Behavior\ContentReplaceBehavior [ RunTime:0.000000s ]
INFO: [ template_filter ] --END-- [ RunTime:0.000000s ]
INFO: Run Behavior\ParseTemplateBehavior [ RunTime:0.007500s ]
INFO: [ view_parse ] --END-- [ RunTime:0.008750s ]
INFO: [ view_filter ] --START--
INFO: Run Behavior\WriteHtmlCacheBehavior [ RunTime:0.000000s ]
INFO: [ view_filter ] --END-- [ RunTime:0.000000s ]
INFO: [ app_end ] --START--
INFO: Run Behavior\ShowPageTraceBehavior [ RunTime:0.001250s ]
INFO: [ app_end ] --END-- [ RunTime:0.001250s ]

[ 2016-12-27T18:46:08+08:00 ] ::1 /thinkphp_3.2.3_full/index.php/Admin/Admin/admin_list
INFO: [ app_init ] --START--
INFO: Run Behavior\BuildLiteBehavior [ RunTime:0.000000s ]
INFO: [ app_init ] --END-- [ RunTime:0.000000s ]
INFO: [ app_begin ] --START--
INFO: Run Behavior\ReadHtmlCacheBehavior [ RunTime:0.001250s ]
INFO: [ app_begin ] --END-- [ RunTime:0.001250s ]
NOTIC: [8] A session had already been started - ignoring session_start() D:\phpStudy\WWW\thinkphp_3.2.3_full\ThinkPHP\Common\functions.php 第 1263 行.
SQL: SHOW COLUMNS FROM `nc_admin` [ RunTime:0.0050s ]
SQL: SELECT * FROM `nc_admin`  [ RunTime:0.0000s ]
INFO: [ view_parse ] --START--
INFO: [ template_filter ] --START--
INFO: Run Behavior\ContentReplaceBehavior [ RunTime:0.000000s ]
INFO: [ template_filter ] --END-- [ RunTime:0.000000s ]
INFO: Run Behavior\ParseTemplateBehavior [ RunTime:0.008750s ]
INFO: [ view_parse ] --END-- [ RunTime:0.008750s ]
INFO: [ view_filter ] --START--
INFO: Run Behavior\WriteHtmlCacheBehavior [ RunTime:0.000000s ]
INFO: [ view_filter ] --END-- [ RunTime:0.000000s ]
INFO: [ app_end ] --START--
INFO: Run Behavior\ShowPageTraceBehavior [ RunTime:0.001250s ]
INFO: [ app_end ] --END-- [ RunTime:0.001250s ]

[ 2016-12-27T20:52:44+08:00 ] ::1 /thinkphp_3.2.3_full/index.php/Admin/Admin/class_list
ERR: 非法操作:class_list

[ 2016-12-27T20:59:22+08:00 ] ::1 /thinkphp_3.2.3_full/index.php/Admin/Index/login.html
ERR: 非法操作:login

[ 2016-12-27T21:19:08+08:00 ] ::1 /thinkphp_3.2.3_full/index.php/Admin/Admin/class_list
ERR: 非法操作:class_list

[ 2016-12-27T21:19:20+08:00 ] ::1 /thinkphp_3.2.3_full/index.php/Admin/Admin/class_list
ERR: 非法操作:class_list

[ 2016-12-27T21:20:22+08:00 ] ::1 /thinkphp_3.2.3_full/index.php/Admin/Admin/class_list
ERR: 非法操作:class_list

[ 2016-12-27T21:25:23+08:00 ] ::1 /thinkphp_3.2.3_full/index.php/Admin/Admin/class_list
ERR: 非法操作:class_list

[ 2016-12-27T21:38:00+08:00 ] ::1 /thinkphp_3.2.3_full/index.php/Admin/Admin/class_list
ERR: 非法操作:class_list

[ 2016-12-27T21:41:53+08:00 ] ::1 /thinkphp_3.2.3_full/index.php/Admin/Index/product_list.html
ERR: 非法操作:product_list

[ 2016-12-27T21:41:54+08:00 ] ::1 /thinkphp_3.2.3_full/index.php/Admin/Index/product_add.html
ERR: 非法操作:product_add

[ 2016-12-27T21:41:55+08:00 ] ::1 /thinkphp_3.2.3_full/index.php/Admin/Index/product_list.html
ERR: 非法操作:product_list

[ 2016-12-27T21:51:41+08:00 ] ::1 /thinkphp_3.2.3_full/index.php/Admin/Index/product_list.html
ERR: 非法操作:product_list

[ 2016-12-27T21:52:57+08:00 ] ::1 /thinkphp_3.2.3_full/index.php/Admin/Index/product_list.html
ERR: 非法操作:product_list

[ 2016-12-27T21:52:59+08:00 ] ::1 /thinkphp_3.2.3_full/index.php/Admin/Index/product_list.html
ERR: 非法操作:product_list

[ 2016-12-27T21:53:00+08:00 ] ::1 /thinkphp_3.2.3_full/index.php/Admin/Index/product_list.html
ERR: 非法操作:product_list

[ 2016-12-27T21:53:00+08:00 ] ::1 /thinkphp_3.2.3_full/index.php/Admin/Index/product_list.html
ERR: 非法操作:product_list

[ 2016-12-27T21:53:04+08:00 ] ::1 /thinkphp_3.2.3_full/index.php/Admin/product/js/list.js
ERR: 非法操作:js

[ 2016-12-27T21:53:04+08:00 ] ::1 /thinkphp_3.2.3_full/index.php/Admin/product/js/list.js
ERR: 非法操作:js

[ 2016-12-27T21:53:10+08:00 ] ::1 /thinkphp_3.2.3_full/index.php/Admin/product/js/laydate/laydate.js
ERR: 非法操作:js

[ 2016-12-27T21:53:10+08:00 ] ::1 /thinkphp_3.2.3_full/index.php/Admin/product/js/laydate/laydate.js
ERR: 非法操作:js

[ 2016-12-27T21:53:13+08:00 ] ::1 /thinkphp_3.2.3_full/index.php/Admin/product/js/list.js
ERR: 非法操作:js

[ 2016-12-27T21:53:13+08:00 ] ::1 /thinkphp_3.2.3_full/index.php/Admin/product/js/list.js
ERR: 非法操作:js

[ 2016-12-27T21:53:14+08:00 ] ::1 /thinkphp_3.2.3_full/index.php/Admin/product/js/laydate/laydate.js
ERR: 非法操作:js

[ 2016-12-27T21:53:14+08:00 ] ::1 /thinkphp_3.2.3_full/index.php/Admin/product/js/laydate/laydate.js
ERR: 非法操作:js

[ 2016-12-27T21:53:16+08:00 ] ::1 /thinkphp_3.2.3_full/index.php/Admin/product/js/list.js
ERR: 非法操作:js

[ 2016-12-27T21:53:16+08:00 ] ::1 /thinkphp_3.2.3_full/index.php/Admin/product/js/list.js
ERR: 非法操作:js

[ 2016-12-27T21:53:33+08:00 ] ::1 /thinkphp_3.2.3_full/index.php/Admin/product/js/list.js
ERR: 非法操作:js

[ 2016-12-27T21:53:33+08:00 ] ::1 /thinkphp_3.2.3_full/index.php/Admin/product/js/list.js
ERR: 非法操作:js

[ 2016-12-27T21:53:34+08:00 ] ::1 /thinkphp_3.2.3_full/index.php/Admin/product/js/laydate/laydate.js
ERR: 非法操作:js

[ 2016-12-27T21:53:34+08:00 ] ::1 /thinkphp_3.2.3_full/index.php/Admin/product/js/laydate/laydate.js
ERR: 非法操作:js

[ 2016-12-27T21:53:36+08:00 ] ::1 /thinkphp_3.2.3_full/index.php/Admin/product/js/list.js
ERR: 非法操作:js

[ 2016-12-27T21:53:41+08:00 ] ::1 /thinkphp_3.2.3_full/index.php/Admin/product/js/laydate/laydate.js
ERR: 非法操作:js

[ 2016-12-27T21:53:41+08:00 ] ::1 /thinkphp_3.2.3_full/index.php/Admin/product/js/laydate/laydate.js
ERR: 非法操作:js

[ 2016-12-27T21:53:43+08:00 ] ::1 /thinkphp_3.2.3_full/index.php/Admin/product/js/list.js
ERR: 非法操作:js

[ 2016-12-27T21:53:43+08:00 ] ::1 /thinkphp_3.2.3_full/index.php/Admin/product/js/list.js
ERR: 非法操作:js

[ 2016-12-27T21:54:36+08:00 ] ::1 /thinkphp_3.2.3_full/index.php/Admin/Index/order_list.html
ERR: 非法操作:order_list

[ 2016-12-27T21:54:45+08:00 ] ::1 /thinkphp_3.2.3_full/index.php/Admin/product/js/list.js
ERR: 非法操作:js

[ 2016-12-27T21:54:46+08:00 ] ::1 /thinkphp_3.2.3_full/index.php/Admin/product/js/list.js
ERR: 非法操作:js

[ 2016-12-27T21:54:47+08:00 ] ::1 /thinkphp_3.2.3_full/index.php/Admin/product/js/laydate/laydate.js
ERR: 非法操作:js

[ 2016-12-27T21:54:47+08:00 ] ::1 /thinkphp_3.2.3_full/index.php/Admin/product/js/laydate/laydate.js
ERR: 非法操作:js

[ 2016-12-27T21:55:29+08:00 ] ::1 /thinkphp_3.2.3_full/index.php/Admin/product/js/list.js
ERR: 非法操作:js

[ 2016-12-27T21:57:00+08:00 ] ::1 /thinkphp_3.2.3_full/index.php/Admin/product/js/laydate/laydate.js
ERR: 非法操作:js

[ 2016-12-27T21:57:00+08:00 ] ::1 /thinkphp_3.2.3_full/index.php/Admin/product/js/laydate/laydate.js
ERR: 非法操作:js

[ 2016-12-27T21:57:11+08:00 ] ::1 /thinkphp_3.2.3_full/index.php/Admin/product/js/list.js
ERR: 非法操作:js

[ 2016-12-27T21:58:09+08:00 ] ::1 /thinkphp_3.2.3_full/index.php/Admin/Index/order_list.html
ERR: 非法操作:order_list

[ 2016-12-27T21:58:15+08:00 ] ::1 /thinkphp_3.2.3_full/index.php/Admin/Order/order_list
ERR: 无法加载控制器:Order

[ 2016-12-27T21:58:22+08:00 ] ::1 /thinkphp_3.2.3_full/index.php/Admin/product/js/list.js
ERR: 非法操作:js

[ 2016-12-27T21:58:23+08:00 ] ::1 /thinkphp_3.2.3_full/index.php/Admin/product/js/laydate/laydate.js
ERR: 非法操作:js

[ 2016-12-27T21:58:23+08:00 ] ::1 /thinkphp_3.2.3_full/index.php/Admin/product/js/laydate/laydate.js
ERR: 非法操作:js

[ 2016-12-27T21:58:25+08:00 ] ::1 /thinkphp_3.2.3_full/index.php/Admin/product/js/list.js
ERR: 非法操作:js

[ 2016-12-27T21:58:26+08:00 ] ::1 /thinkphp_3.2.3_full/index.php/Admin/product/js/list.js
ERR: 非法操作:js

[ 2016-12-27T21:58:35+08:00 ] ::1 /thinkphp_3.2.3_full/index.php/Admin/product/js/laydate/laydate.js
ERR: 非法操作:js

[ 2016-12-27T21:58:52+08:00 ] ::1 /thinkphp_3.2.3_full/index.php/Admin/product/js/list.js
ERR: 非法操作:js

[ 2016-12-27T21:58:52+08:00 ] ::1 /thinkphp_3.2.3_full/index.php/Admin/product/js/list.js
ERR: 非法操作:js

[ 2016-12-27T22:02:01+08:00 ] ::1 /thinkphp_3.2.3_full/index.php/Admin/Login/logout
ERR: 非法操作:logout

[ 2016-12-27T22:02:11+08:00 ] ::1 /thinkphp_3.2.3_full/index.php/Admin/Login/logout
ERR: 非法操作:logout

[ 2016-12-27T22:16:16+08:00 ] ::1 /thinkphp_3.2.3_full/index.php/Admin/Index/info.html
ERR: 非法操作:info

[ 2016-12-27T22:16:25+08:00 ] ::1 /thinkphp_3.2.3_full/index.php/Admin/Index/list.html
ERR: 非法操作:list

[ 2016-12-27T22:16:26+08:00 ] ::1 /thinkphp_3.2.3_full/index.php/Admin/Index/list.html
ERR: 非法操作:list

[ 2016-12-27T22:16:26+08:00 ] ::1 /thinkphp_3.2.3_full/index.php/Admin/Index/cate.html
ERR: 非法操作:cate

[ 2016-12-27T22:16:27+08:00 ] ::1 /thinkphp_3.2.3_full/index.php/Admin/Index/add.html
ERR: 非法操作:add

[ 2016-12-27T22:16:44+08:00 ] ::1 /thinkphp_3.2.3_full/index.php/Admin/product/js/list.js
ERR: 非法操作:js

[ 2016-12-27T22:16:44+08:00 ] ::1 /thinkphp_3.2.3_full/index.php/Admin/product/js/list.js
ERR: 非法操作:js

