[ 2016-12-28T08:28:48+08:00 ] ::1 /thinkphp_3.2.3_full/index.php/Admin/product/js/list.js
ERR: 非法操作:js

[ 2016-12-28T08:29:04+08:00 ] ::1 /thinkphp_3.2.3_full/index.php/Admin/product/js/laydate/laydate.js
ERR: 非法操作:js

[ 2016-12-28T08:29:04+08:00 ] ::1 /thinkphp_3.2.3_full/index.php/Admin/product/js/laydate/laydate.js
ERR: 非法操作:js

[ 2016-12-28T08:29:06+08:00 ] ::1 /thinkphp_3.2.3_full/index.php/Admin/product/js/list.js
ERR: 非法操作:js

[ 2016-12-28T08:29:06+08:00 ] ::1 /thinkphp_3.2.3_full/index.php/Admin/product/js/list.js
ERR: 非法操作:js

[ 2016-12-28T08:30:54+08:00 ] ::1 /thinkphp_3.2.3_full/index.php/Admin/product/js/list.js
ERR: 非法操作:js

[ 2016-12-28T08:30:55+08:00 ] ::1 /thinkphp_3.2.3_full/index.php/Admin/product/js/list.js
ERR: 非法操作:js

[ 2016-12-28T08:33:08+08:00 ] ::1 /thinkphp_3.2.3_full/index.php/Admin/product/js/list.js
ERR: 非法操作:js

[ 2016-12-28T08:33:09+08:00 ] ::1 /thinkphp_3.2.3_full/index.php/Admin/product/js/list.js
ERR: 非法操作:js

[ 2016-12-28T08:33:10+08:00 ] ::1 /thinkphp_3.2.3_full/index.php/Admin/product/js/laydate/laydate.js
ERR: 非法操作:js

[ 2016-12-28T08:33:10+08:00 ] ::1 /thinkphp_3.2.3_full/index.php/Admin/product/js/laydate/laydate.js
ERR: 非法操作:js

[ 2016-12-28T08:33:13+08:00 ] ::1 /thinkphp_3.2.3_full/index.php/Admin/product/js/list.js
ERR: 非法操作:js

[ 2016-12-28T08:33:14+08:00 ] ::1 /thinkphp_3.2.3_full/index.php/Admin/product/js/laydate/laydate.js
ERR: 非法操作:js

[ 2016-12-28T08:33:14+08:00 ] ::1 /thinkphp_3.2.3_full/index.php/Admin/product/js/laydate/laydate.js
ERR: 非法操作:js

[ 2016-12-28T08:33:16+08:00 ] ::1 /thinkphp_3.2.3_full/index.php/Admin/product/js/list.js
ERR: 非法操作:js

[ 2016-12-28T08:33:17+08:00 ] ::1 /thinkphp_3.2.3_full/index.php/Admin/product/js/laydate/laydate.js
ERR: 非法操作:js

[ 2016-12-28T08:33:20+08:00 ] ::1 /thinkphp_3.2.3_full/index.php/Admin/product/js/list.js
ERR: 非法操作:js

[ 2016-12-28T08:33:20+08:00 ] ::1 /thinkphp_3.2.3_full/index.php/Admin/product/js/list.js
ERR: 非法操作:js

[ 2016-12-28T08:33:21+08:00 ] ::1 /thinkphp_3.2.3_full/index.php/Admin/product/js/laydate/laydate.js
ERR: 非法操作:js

[ 2016-12-28T08:33:21+08:00 ] ::1 /thinkphp_3.2.3_full/index.php/Admin/product/js/laydate/laydate.js
ERR: 非法操作:js

[ 2016-12-28T08:34:09+08:00 ] ::1 /thinkphp_3.2.3_full/index.php/Admin/product/js/list.js
ERR: 非法操作:js

[ 2016-12-28T08:34:10+08:00 ] ::1 /thinkphp_3.2.3_full/index.php/Admin/product/js/list.js
ERR: 非法操作:js

[ 2016-12-28T08:40:51+08:00 ] ::1 /thinkphp_3.2.3_full/index.php/Admin/product/js/list.js
ERR: 非法操作:js

[ 2016-12-28T08:40:51+08:00 ] ::1 /thinkphp_3.2.3_full/index.php/Admin/product/js/list.js
ERR: 非法操作:js

[ 2016-12-28T08:40:54+08:00 ] ::1 /thinkphp_3.2.3_full/index.php/Admin/product/js/laydate/laydate.js
ERR: 非法操作:js

[ 2016-12-28T08:40:55+08:00 ] ::1 /thinkphp_3.2.3_full/index.php/Admin/product/js/laydate/laydate.js
ERR: 非法操作:js

[ 2016-12-28T08:40:57+08:00 ] ::1 /thinkphp_3.2.3_full/index.php/Admin/product/js/list.js
ERR: 非法操作:js

[ 2016-12-28T08:40:57+08:00 ] ::1 /thinkphp_3.2.3_full/index.php/Admin/product/js/list.js
ERR: 非法操作:js

[ 2016-12-28T08:40:58+08:00 ] ::1 /thinkphp_3.2.3_full/index.php/Admin/product/js/laydate/laydate.js
ERR: 非法操作:js

[ 2016-12-28T08:40:58+08:00 ] ::1 /thinkphp_3.2.3_full/index.php/Admin/product/js/laydate/laydate.js
ERR: 非法操作:js

[ 2016-12-28T08:41:00+08:00 ] ::1 /thinkphp_3.2.3_full/index.php/Admin/product/js/list.js
ERR: 非法操作:js

[ 2016-12-28T08:41:01+08:00 ] ::1 /thinkphp_3.2.3_full/index.php/Admin/product/js/list.js
ERR: 非法操作:js

[ 2016-12-28T08:41:01+08:00 ] ::1 /thinkphp_3.2.3_full/index.php/Admin/product/js/laydate/laydate.js
ERR: 非法操作:js

[ 2016-12-28T08:41:01+08:00 ] ::1 /thinkphp_3.2.3_full/index.php/Admin/product/js/laydate/laydate.js
ERR: 非法操作:js

[ 2016-12-28T08:41:04+08:00 ] ::1 /thinkphp_3.2.3_full/index.php/Admin/product/js/list.js
ERR: 非法操作:js

[ 2016-12-28T08:41:04+08:00 ] ::1 /thinkphp_3.2.3_full/index.php/Admin/product/js/list.js
ERR: 非法操作:js

[ 2016-12-28T08:41:04+08:00 ] ::1 /thinkphp_3.2.3_full/index.php/Admin/product/js/laydate/laydate.js
ERR: 非法操作:js

[ 2016-12-28T08:41:06+08:00 ] ::1 /thinkphp_3.2.3_full/index.php/Admin/product/js/list.js
ERR: 非法操作:js

[ 2016-12-28T08:41:07+08:00 ] ::1 /thinkphp_3.2.3_full/index.php/Admin/product/js/list.js
ERR: 非法操作:js

[ 2016-12-28T08:41:27+08:00 ] ::1 /thinkphp_3.2.3_full/index.php/Admin/product/js/laydate/laydate.js
ERR: 非法操作:js

[ 2016-12-28T08:41:27+08:00 ] ::1 /thinkphp_3.2.3_full/index.php/Admin/product/js/laydate/laydate.js
ERR: 非法操作:js

[ 2016-12-28T08:41:29+08:00 ] ::1 /thinkphp_3.2.3_full/index.php/Admin/product/js/list.js
ERR: 非法操作:js

[ 2016-12-28T08:41:29+08:00 ] ::1 /thinkphp_3.2.3_full/index.php/Admin/product/js/list.js
ERR: 非法操作:js

[ 2016-12-28T08:41:41+08:00 ] ::1 /thinkphp_3.2.3_full/index.php/Admin/Product/js/list.js
ERR: 非法操作:js

[ 2016-12-28T09:37:28+08:00 ] ::1 /thinkphp_3.2.3_full/index.php/Admin/Product/js/laydate/laydate.js
ERR: 非法操作:js

[ 2016-12-28T09:37:29+08:00 ] ::1 /thinkphp_3.2.3_full/index.php/Admin/Product/js/laydate/laydate.js
ERR: 非法操作:js

[ 2016-12-28T09:38:15+08:00 ] ::1 /thinkphp_3.2.3_full/index.php/Admin/product/js/laydate/laydate.js
ERR: 非法操作:js

[ 2016-12-28T09:38:16+08:00 ] ::1 /thinkphp_3.2.3_full/index.php/Admin/product/js/laydate/laydate.js
ERR: 非法操作:js

[ 2016-12-28T09:38:20+08:00 ] ::1 /thinkphp_3.2.3_full/index.php/Admin/product/js/list.js
ERR: 非法操作:js

[ 2016-12-28T09:38:20+08:00 ] ::1 /thinkphp_3.2.3_full/index.php/Admin/product/js/list.js
ERR: 非法操作:js

[ 2016-12-28T09:38:24+08:00 ] ::1 /thinkphp_3.2.3_full/index.php/Admin/product/js/laydate/laydate.js
ERR: 非法操作:js

[ 2016-12-28T09:38:24+08:00 ] ::1 /thinkphp_3.2.3_full/index.php/Admin/product/js/laydate/laydate.js
ERR: 非法操作:js

[ 2016-12-28T09:38:37+08:00 ] ::1 /thinkphp_3.2.3_full/index.php/Admin/product/js/laydate/laydate.js
ERR: 非法操作:js

[ 2016-12-28T09:38:37+08:00 ] ::1 /thinkphp_3.2.3_full/index.php/Admin/product/js/laydate/laydate.js
ERR: 非法操作:js

[ 2016-12-28T09:39:26+08:00 ] ::1 /thinkphp_3.2.3_full/index.php/Admin/product/js/list.js
ERR: 非法操作:js

[ 2016-12-28T09:39:26+08:00 ] ::1 /thinkphp_3.2.3_full/index.php/Admin/product/js/list.js
ERR: 非法操作:js

[ 2016-12-28T09:39:28+08:00 ] ::1 /thinkphp_3.2.3_full/index.php/Admin/product/js/laydate/laydate.js
ERR: 非法操作:js

[ 2016-12-28T09:41:06+08:00 ] ::1 /thinkphp_3.2.3_full/index.php/Admin/product/js/laydate/laydate.js
ERR: 非法操作:js

[ 2016-12-28T09:41:43+08:00 ] ::1 /thinkphp_3.2.3_full/index.php/Admin/product/js/laydate/laydate.js
ERR: 非法操作:js

[ 2016-12-28T10:02:18+08:00 ] ::1 /thinkphp_3.2.3_full/index.php/Admin/product/js/list.js
ERR: 非法操作:js

[ 2016-12-28T10:02:20+08:00 ] ::1 /thinkphp_3.2.3_full/index.php/Admin/product/js/laydate/laydate.js
ERR: 非法操作:js

[ 2016-12-28T10:05:17+08:00 ] ::1 /thinkphp_3.2.3_full/index.php/Admin/product/js/list.js
ERR: 非法操作:js

[ 2016-12-28T10:05:17+08:00 ] ::1 /thinkphp_3.2.3_full/index.php/Admin/product/js/list.js
ERR: 非法操作:js

[ 2016-12-28T10:05:21+08:00 ] ::1 /thinkphp_3.2.3_full/index.php/Admin/product/js/laydate/laydate.js
ERR: 非法操作:js

[ 2016-12-28T10:06:18+08:00 ] ::1 /thinkphp_3.2.3_full/index.php/Admin/product/js/list.js
ERR: 非法操作:js

[ 2016-12-28T10:06:18+08:00 ] ::1 /thinkphp_3.2.3_full/index.php/Admin/product/js/list.js
ERR: 非法操作:js

[ 2016-12-28T10:06:29+08:00 ] ::1 /thinkphp_3.2.3_full/index.php/Admin/product/js/laydate/laydate.js
ERR: 非法操作:js

[ 2016-12-28T10:06:29+08:00 ] ::1 /thinkphp_3.2.3_full/index.php/Admin/product/js/laydate/laydate.js
ERR: 非法操作:js

[ 2016-12-28T10:08:33+08:00 ] ::1 /thinkphp_3.2.3_full/index.php/Admin/product/js/list.js
ERR: 非法操作:js

[ 2016-12-28T10:08:48+08:00 ] ::1 /thinkphp_3.2.3_full/index.php/Admin/product/js/list.js
ERR: 非法操作:js

[ 2016-12-28T10:08:48+08:00 ] ::1 /thinkphp_3.2.3_full/index.php/Admin/product/js/list.js
ERR: 非法操作:js

[ 2016-12-28T16:42:04+08:00 ] ::1 /thinkphp_3.2.3_full/html.html
ERR: 无法加载控制器:Html

[ 2016-12-28T20:41:36+08:00 ] ::1 /thinkphp/index.php/Admin/Index/index
ERR: 模板不存在:./Application/Admin/View/Index/index.html

[ 2016-12-28T22:19:26+08:00 ] ::1 /thinkphp/index.php/Admin/Admin/info.html
ERR: 非法操作:info

[ 2016-12-28T22:19:30+08:00 ] ::1 /thinkphp/index.php/Admin/Admin/info.html
ERR: 非法操作:info

