[ 2017-01-04T15:16:02+08:00 ] ::1 /thinkphp/index.php/Admin/product/product_add
ERR: Think\Model:getList方法不存在！

[ 2017-01-04T15:21:32+08:00 ] ::1 /thinkphp/index.php/Admin/Product/product_add
ERR: Think\Model:getList方法不存在！

[ 2017-01-04T15:21:49+08:00 ] ::1 /thinkphp/index.php/Admin/Product/product_add
ERR: Think\Model:getList方法不存在！

[ 2017-01-04T15:26:10+08:00 ] ::1 /thinkphp/index.php/Admin/product/product_add
ERR: Think\Model:getList方法不存在！

[ 2017-01-04T17:07:15+08:00 ] ::1 /thinkphp/index.php/Admin/Product/product_add
ERR: 1054:Unknown column 'gid' in 'where clause'
 [ SQL语句 ] : SELECT `thumb` FROM `nc_product` WHERE ( gid=14 ) LIMIT 1  

[ 2017-01-04T17:12:42+08:00 ] ::1 /thinkphp/index.php/Admin/Product/product_add
ERR: 1054:Unknown column 'gid' in 'where clause'
 [ SQL语句 ] : SELECT `thumb` FROM `nc_product` WHERE ( gid=15 ) LIMIT 1  

[ 2017-01-04T17:26:35+08:00 ] ::1 /thinkphp/index.php/Admin/Product/product_add
ERR: 1054:Unknown column 'gid' in 'where clause'
 [ SQL语句 ] : SELECT `thumb` FROM `nc_product` WHERE ( gid=16 ) LIMIT 1  

[ 2017-01-04T17:26:58+08:00 ] ::1 /thinkphp/index.php/Admin/Product/product_add
ERR: 1054:Unknown column 'gid' in 'where clause'
 [ SQL语句 ] : SELECT `thumb` FROM `nc_product` WHERE ( gid=17 ) LIMIT 1  

[ 2017-01-04T18:39:26+08:00 ] ::1 /thinkphp/index.php/Admin/Product/%7B/thinkphp/Public/uploads/$v.thumb%7D
ERR: 非法操作:{

[ 2017-01-04T18:39:29+08:00 ] ::1 /thinkphp/index.php/Admin/Product/%7B/thinkphp/Public/uploads/$v.thumb%7D
ERR: 非法操作:{

[ 2017-01-04T19:40:54+08:00 ] ::1 /thinkphp/index.php/Admin/Product/product_update/id/2
ERR: 1064:You have an error in your SQL syntax; check the manual that corresponds to your MySQL server version for the right syntax to use near ') LIMIT 1' at line 1
 [ SQL语句 ] : SELECT * FROM `nc_product` WHERE ( Id= ) LIMIT 1  

[ 2017-01-04T19:54:56+08:00 ] ::1 /thinkphp/index.php/Admin/product_update/id/3
ERR: 无法加载控制器:Product_update

[ 2017-01-04T19:55:52+08:00 ] ::1 /thinkphp/index.php/Admin/product_update/id/3
ERR: 无法加载控制器:Product_update

[ 2017-01-04T19:56:13+08:00 ] ::1 /thinkphp/index.php/Admin/product_update/id/3
ERR: 无法加载控制器:Product_update

[ 2017-01-04T20:48:31+08:00 ] ::1 /thinkphp/index.php/Admin/Jiben/css/pintuer.css
ERR: 非法操作:css

[ 2017-01-04T20:48:31+08:00 ] ::1 /thinkphp/index.php/Admin/Jiben/js/pintuer.js
ERR: 非法操作:js

[ 2017-01-04T20:48:31+08:00 ] ::1 /thinkphp/index.php/Admin/Jiben/css/admin.css
ERR: 非法操作:css

[ 2017-01-04T20:48:31+08:00 ] ::1 /thinkphp/index.php/Admin/Jiben/js/jquery.js
ERR: 非法操作:js

[ 2017-01-04T20:48:31+08:00 ] ::1 /thinkphp/index.php/Admin/Jiben/js/pintuer.js
ERR: 非法操作:js

[ 2017-01-04T20:59:39+08:00 ] ::1 /thinkphp/index.php/Admin/Jiben/css/pintuer.css
ERR: 非法操作:css

[ 2017-01-04T20:59:39+08:00 ] ::1 /thinkphp/index.php/Admin/Jiben/css/admin.css
ERR: 非法操作:css

[ 2017-01-04T20:59:39+08:00 ] ::1 /thinkphp/index.php/Admin/Jiben/js/jquery.js
ERR: 非法操作:js

[ 2017-01-04T20:59:39+08:00 ] ::1 /thinkphp/index.php/Admin/Jiben/js/pintuer.js
ERR: 非法操作:js

[ 2017-01-04T21:00:54+08:00 ] ::1 /thinkphp/index.php/Admin/Jiben/js/jquery.js
ERR: 非法操作:js

[ 2017-01-04T21:00:54+08:00 ] ::1 /thinkphp/index.php/Admin/Jiben/js/pintuer.js
ERR: 非法操作:js

[ 2017-01-04T21:00:54+08:00 ] ::1 /thinkphp/index.php/Admin/Jiben/css/pintuer.css
ERR: 非法操作:css

[ 2017-01-04T21:00:54+08:00 ] ::1 /thinkphp/index.php/Admin/Jiben/css/admin.css
ERR: 非法操作:css

[ 2017-01-04T21:00:54+08:00 ] ::1 /thinkphp/index.php/Admin/Jiben/js/jquery.js
ERR: 非法操作:js

[ 2017-01-04T21:00:54+08:00 ] ::1 /thinkphp/index.php/Admin/Jiben/js/pintuer.js
ERR: 非法操作:js

[ 2017-01-04T21:01:58+08:00 ] ::1 /thinkphp/index.php/Admin/Jiben/js/jquery.js
ERR: 非法操作:js

[ 2017-01-04T21:01:58+08:00 ] ::1 /thinkphp/index.php/Admin/Jiben/css/admin.css
ERR: 非法操作:css

[ 2017-01-04T21:01:58+08:00 ] ::1 /thinkphp/index.php/Admin/Jiben/js/pintuer.js
ERR: 非法操作:js

[ 2017-01-04T21:01:58+08:00 ] ::1 /thinkphp/index.php/Admin/Jiben/css/pintuer.css
ERR: 非法操作:css

[ 2017-01-04T21:01:58+08:00 ] ::1 /thinkphp/index.php/Admin/Jiben/js/jquery.js
ERR: 非法操作:js

[ 2017-01-04T21:01:59+08:00 ] ::1 /thinkphp/index.php/Admin/Jiben/js/pintuer.js
ERR: 非法操作:js

[ 2017-01-04T21:02:10+08:00 ] ::1 /thinkphp/index.php/Admin/Jiben/css/pintuer.css
ERR: 非法操作:css

[ 2017-01-04T21:02:10+08:00 ] ::1 /thinkphp/index.php/Admin/Jiben/js/jquery.js
ERR: 非法操作:js

[ 2017-01-04T21:02:10+08:00 ] ::1 /thinkphp/index.php/Admin/Jiben/css/admin.css
ERR: 非法操作:css

[ 2017-01-04T21:02:10+08:00 ] ::1 /thinkphp/index.php/Admin/Jiben/js/pintuer.js
ERR: 非法操作:js

[ 2017-01-04T21:03:32+08:00 ] ::1 /thinkphp/index.php/Admin/Jiben/css/pintuer.css
ERR: 非法操作:css

[ 2017-01-04T21:03:32+08:00 ] ::1 /thinkphp/index.php/Admin/Jiben/js/pintuer.js
ERR: 非法操作:js

[ 2017-01-04T21:03:32+08:00 ] ::1 /thinkphp/index.php/Admin/Jiben/css/admin.css
ERR: 非法操作:css

[ 2017-01-04T21:03:32+08:00 ] ::1 /thinkphp/index.php/Admin/Jiben/js/jquery.js
ERR: 非法操作:js

[ 2017-01-04T21:03:32+08:00 ] ::1 /thinkphp/index.php/Admin/Jiben/css/pintuer.css
ERR: 非法操作:css

[ 2017-01-04T21:03:32+08:00 ] ::1 /thinkphp/index.php/Admin/Jiben/js/pintuer.js
ERR: 非法操作:js

[ 2017-01-04T21:03:43+08:00 ] ::1 /thinkphp/index.php/Admin/Jiben/css/pintuer.css
ERR: 非法操作:css

[ 2017-01-04T21:03:43+08:00 ] ::1 /thinkphp/index.php/Admin/Jiben/css/admin.css
ERR: 非法操作:css

[ 2017-01-04T21:03:43+08:00 ] ::1 /thinkphp/index.php/Admin/Jiben/js/jquery.js
ERR: 非法操作:js

[ 2017-01-04T21:03:43+08:00 ] ::1 /thinkphp/index.php/Admin/Jiben/js/pintuer.js
ERR: 非法操作:js

[ 2017-01-04T21:03:43+08:00 ] ::1 /thinkphp/index.php/Admin/Jiben/css/pintuer.css
ERR: 非法操作:css

[ 2017-01-04T21:04:38+08:00 ] ::1 /thinkphp/index.php/Admin/Jiben/css/pintuer.css
ERR: 非法操作:css

[ 2017-01-04T21:04:38+08:00 ] ::1 /thinkphp/index.php/Admin/Jiben/js/jquery.js
ERR: 非法操作:js

[ 2017-01-04T21:04:38+08:00 ] ::1 /thinkphp/index.php/Admin/Jiben/js/pintuer.js
ERR: 非法操作:js

[ 2017-01-04T21:04:38+08:00 ] ::1 /thinkphp/index.php/Admin/Jiben/css/admin.css
ERR: 非法操作:css

[ 2017-01-04T21:04:38+08:00 ] ::1 /thinkphp/index.php/Admin/Jiben/css/pintuer.css
ERR: 非法操作:css

[ 2017-01-04T21:04:57+08:00 ] ::1 /thinkphp/index.php/Admin/Jiben/css/pintuer.css
ERR: 非法操作:css

[ 2017-01-04T21:04:57+08:00 ] ::1 /thinkphp/index.php/Admin/Jiben/css/admin.css
ERR: 非法操作:css

[ 2017-01-04T21:04:57+08:00 ] ::1 /thinkphp/index.php/Admin/Jiben/js/jquery.js
ERR: 非法操作:js

[ 2017-01-04T21:04:57+08:00 ] ::1 /thinkphp/index.php/Admin/Jiben/js/pintuer.js
ERR: 非法操作:js

[ 2017-01-04T21:04:57+08:00 ] ::1 /thinkphp/index.php/Admin/Jiben/css/pintuer.css
ERR: 非法操作:css

[ 2017-01-04T21:05:39+08:00 ] ::1 /thinkphp/index.php/Admin/Jiben/js/pintuer.js
ERR: 非法操作:js

[ 2017-01-04T21:05:39+08:00 ] ::1 /thinkphp/index.php/Admin/Jiben/js/jquery.js
ERR: 非法操作:js

[ 2017-01-04T21:05:39+08:00 ] ::1 /thinkphp/index.php/Admin/Jiben/css/pintuer.css
ERR: 非法操作:css

[ 2017-01-04T21:05:39+08:00 ] ::1 /thinkphp/index.php/Admin/Jiben/css/admin.css
ERR: 非法操作:css

[ 2017-01-04T21:05:39+08:00 ] ::1 /thinkphp/index.php/Admin/Jiben/js/pintuer.js
ERR: 非法操作:js

[ 2017-01-04T21:05:51+08:00 ] ::1 /thinkphp/index.php/Admin/Jiben/css/pintuer.css
ERR: 非法操作:css

[ 2017-01-04T21:05:51+08:00 ] ::1 /thinkphp/index.php/Admin/Jiben/js/pintuer.js
ERR: 非法操作:js

[ 2017-01-04T21:05:51+08:00 ] ::1 /thinkphp/index.php/Admin/Jiben/js/jquery.js
ERR: 非法操作:js

[ 2017-01-04T21:05:51+08:00 ] ::1 /thinkphp/index.php/Admin/Jiben/css/admin.css
ERR: 非法操作:css

[ 2017-01-04T21:05:51+08:00 ] ::1 /thinkphp/index.php/Admin/Jiben/css/pintuer.css
ERR: 非法操作:css

[ 2017-01-04T21:05:51+08:00 ] ::1 /thinkphp/index.php/Admin/Jiben/js/pintuer.js
ERR: 非法操作:js

[ 2017-01-04T21:06:22+08:00 ] ::1 /thinkphp/index.php/Admin/Jiben/js/pintuer.js
ERR: 非法操作:js

[ 2017-01-04T21:06:22+08:00 ] ::1 /thinkphp/index.php/Admin/Jiben/js/jquery.js
ERR: 非法操作:js

[ 2017-01-04T21:06:22+08:00 ] ::1 /thinkphp/index.php/Admin/Jiben/css/admin.css
ERR: 非法操作:css

[ 2017-01-04T21:06:22+08:00 ] ::1 /thinkphp/index.php/Admin/Jiben/css/pintuer.css
ERR: 非法操作:css

[ 2017-01-04T21:06:22+08:00 ] ::1 /thinkphp/index.php/Admin/Jiben/js/pintuer.js
ERR: 非法操作:js

[ 2017-01-04T21:06:42+08:00 ] ::1 /thinkphp/index.php/Admin/Jiben/css/admin.css
ERR: 非法操作:css

[ 2017-01-04T21:06:42+08:00 ] ::1 /thinkphp/index.php/Admin/Jiben/css/pintuer.css
ERR: 非法操作:css

[ 2017-01-04T21:06:42+08:00 ] ::1 /thinkphp/index.php/Admin/Jiben/js/jquery.js
ERR: 非法操作:js

[ 2017-01-04T21:06:42+08:00 ] ::1 /thinkphp/index.php/Admin/Jiben/js/pintuer.js
ERR: 非法操作:js

[ 2017-01-04T21:06:42+08:00 ] ::1 /thinkphp/index.php/Admin/Jiben/css/admin.css
ERR: 非法操作:css

[ 2017-01-04T21:08:12+08:00 ] ::1 /thinkphp/index.php/Admin/Jiben/js/jquery.js
ERR: 非法操作:js

[ 2017-01-04T21:08:12+08:00 ] ::1 /thinkphp/index.php/Admin/Jiben/css/admin.css
ERR: 非法操作:css

[ 2017-01-04T21:08:12+08:00 ] ::1 /thinkphp/index.php/Admin/Jiben/css/pintuer.css
ERR: 非法操作:css

[ 2017-01-04T21:08:12+08:00 ] ::1 /thinkphp/index.php/Admin/Jiben/js/pintuer.js
ERR: 非法操作:js

[ 2017-01-04T21:08:12+08:00 ] ::1 /thinkphp/index.php/Admin/Jiben/js/jquery.js
ERR: 非法操作:js

[ 2017-01-04T21:08:12+08:00 ] ::1 /thinkphp/index.php/Admin/Jiben/js/pintuer.js
ERR: 非法操作:js

[ 2017-01-04T21:08:25+08:00 ] ::1 /thinkphp/index.php/Admin/Jiben/css/pintuer.css
ERR: 非法操作:css

[ 2017-01-04T21:08:25+08:00 ] ::1 /thinkphp/index.php/Admin/Jiben/css/admin.css
ERR: 非法操作:css

[ 2017-01-04T21:08:25+08:00 ] ::1 /thinkphp/index.php/Admin/Jiben/js/pintuer.js
ERR: 非法操作:js

[ 2017-01-04T21:08:25+08:00 ] ::1 /thinkphp/index.php/Admin/Jiben/js/jquery.js
ERR: 非法操作:js

[ 2017-01-04T21:08:25+08:00 ] ::1 /thinkphp/index.php/Admin/Jiben/css/pintuer.css
ERR: 非法操作:css

[ 2017-01-04T21:08:25+08:00 ] ::1 /thinkphp/index.php/Admin/Jiben/js/pintuer.js
ERR: 非法操作:js

[ 2017-01-04T21:09:07+08:00 ] ::1 /thinkphp/index.php/Admin/Jiben/css/pintuer.css
ERR: 非法操作:css

[ 2017-01-04T21:09:07+08:00 ] ::1 /thinkphp/index.php/Admin/Jiben/css/admin.css
ERR: 非法操作:css

[ 2017-01-04T21:09:07+08:00 ] ::1 /thinkphp/index.php/Admin/Jiben/js/jquery.js
ERR: 非法操作:js

[ 2017-01-04T21:09:07+08:00 ] ::1 /thinkphp/index.php/Admin/Jiben/js/pintuer.js
ERR: 非法操作:js

[ 2017-01-04T21:09:07+08:00 ] ::1 /thinkphp/index.php/Admin/Jiben/css/pintuer.css
ERR: 非法操作:css

[ 2017-01-04T21:09:08+08:00 ] ::1 /thinkphp/index.php/Admin/Jiben/css/pintuer.css
ERR: 非法操作:css

[ 2017-01-04T21:09:09+08:00 ] ::1 /thinkphp/index.php/Admin/Jiben/css/admin.css
ERR: 非法操作:css

[ 2017-01-04T21:09:09+08:00 ] ::1 /thinkphp/index.php/Admin/Jiben/js/jquery.js
ERR: 非法操作:js

[ 2017-01-04T21:09:09+08:00 ] ::1 /thinkphp/index.php/Admin/Jiben/js/pintuer.js
ERR: 非法操作:js

[ 2017-01-04T21:09:09+08:00 ] ::1 /thinkphp/index.php/Admin/Jiben/css/pintuer.css
ERR: 非法操作:css

