[ 2017-01-05T13:15:22+08:00 ] ::1 /thinkphp/index.php/Home/Product/product_list/id/8
ERR: Think\Model:gerField方法不存在！

[ 2017-01-05T13:44:50+08:00 ] ::1 /thinkphp/index.php/Home/Product/product_list/id/details.html
ERR: 1054:Unknown column 'details' in 'where clause'
 [ SQL语句 ] : SELECT `className` FROM `nc_class` WHERE ( Id=details ) LIMIT 1  

[ 2017-01-05T14:59:01+08:00 ] ::1 /thinkphp/index.php/Home/Product/js/jquery.imagezoom.min.js
ERR: 非法操作:js

[ 2017-01-05T14:59:01+08:00 ] ::1 /thinkphp/index.php/Home/Product/js/owl.carousel.min.js
ERR: 非法操作:js

[ 2017-01-05T14:59:01+08:00 ] ::1 /thinkphp/index.php/Home/Product/js/jquery.imagezoom.min.js
ERR: 非法操作:js

[ 2017-01-05T14:59:01+08:00 ] ::1 /thinkphp/index.php/Home/Product/image/p10.jpeg
ERR: 非法操作:image

[ 2017-01-05T14:59:01+08:00 ] ::1 /thinkphp/index.php/Home/Product/js/owl.carousel.min.js
ERR: 非法操作:js

[ 2017-01-05T14:59:02+08:00 ] ::1 /thinkphp/index.php/Home/Product/image/p10.jpeg
ERR: 非法操作:image

[ 2017-01-05T15:01:21+08:00 ] ::1 /thinkphp/index.php/Home/Product/js/jquery.imagezoom.min.js
ERR: 非法操作:js

[ 2017-01-05T15:01:21+08:00 ] ::1 /thinkphp/index.php/Home/Product/js/owl.carousel.min.js
ERR: 非法操作:js

[ 2017-01-05T15:01:21+08:00 ] ::1 /thinkphp/index.php/Home/Product/image/p10.jpeg
ERR: 非法操作:image

[ 2017-01-05T15:01:21+08:00 ] ::1 /thinkphp/index.php/Home/Product/js/jquery.imagezoom.min.js
ERR: 非法操作:js

[ 2017-01-05T15:01:22+08:00 ] ::1 /thinkphp/index.php/Home/Product/js/owl.carousel.min.js
ERR: 非法操作:js

[ 2017-01-05T15:01:22+08:00 ] ::1 /thinkphp/index.php/Home/Product/image/p10.jpeg
ERR: 非法操作:image

[ 2017-01-05T15:02:52+08:00 ] ::1 /thinkphp/index.php/Home/Product/js/jquery.imagezoom.min.js
ERR: 非法操作:js

[ 2017-01-05T15:02:52+08:00 ] ::1 /thinkphp/index.php/Home/Product/js/owl.carousel.min.js
ERR: 非法操作:js

[ 2017-01-05T15:02:52+08:00 ] ::1 /thinkphp/index.php/Home/Product/js/jquery.imagezoom.min.js
ERR: 非法操作:js

[ 2017-01-05T15:02:52+08:00 ] ::1 /thinkphp/index.php/Home/Product/image/p10.jpeg
ERR: 非法操作:image

[ 2017-01-05T15:02:52+08:00 ] ::1 /thinkphp/index.php/Home/Product/js/owl.carousel.min.js
ERR: 非法操作:js

[ 2017-01-05T15:02:52+08:00 ] ::1 /thinkphp/index.php/Home/Product/image/p10.jpeg
ERR: 非法操作:image

[ 2017-01-05T15:04:37+08:00 ] ::1 /thinkphp/index.php/Home/Product/js/jquery.imagezoom.min.js
ERR: 非法操作:js

[ 2017-01-05T15:04:38+08:00 ] ::1 /thinkphp/index.php/Home/Product/js/owl.carousel.min.js
ERR: 非法操作:js

[ 2017-01-05T15:05:16+08:00 ] ::1 /thinkphp/index.php/Home/Product/js/jquery.imagezoom.min.js
ERR: 非法操作:js

[ 2017-01-05T15:05:16+08:00 ] ::1 /thinkphp/index.php/Home/Product/js/owl.carousel.min.js
ERR: 非法操作:js

[ 2017-01-05T15:05:16+08:00 ] ::1 /thinkphp/index.php/Home/Product/js/jquery.imagezoom.min.js
ERR: 非法操作:js

[ 2017-01-05T15:05:16+08:00 ] ::1 /thinkphp/index.php/Home/Product/js/owl.carousel.min.js
ERR: 非法操作:js

[ 2017-01-05T15:06:44+08:00 ] ::1 /thinkphp/index.php/Home/Product/js/jquery.imagezoom.min.js
ERR: 非法操作:js

[ 2017-01-05T15:06:44+08:00 ] ::1 /thinkphp/index.php/Home/Product/js/owl.carousel.min.js
ERR: 非法操作:js

[ 2017-01-05T15:07:35+08:00 ] ::1 /thinkphp/index.php/Home/Product/js/jquery.imagezoom.min.js
ERR: 非法操作:js

[ 2017-01-05T15:07:35+08:00 ] ::1 /thinkphp/index.php/Home/Product/js/owl.carousel.min.js
ERR: 非法操作:js

[ 2017-01-05T15:30:18+08:00 ] ::1 /thinkphp/index.php/Home/Product/js/owl.carousel.min.js
ERR: 非法操作:js

[ 2017-01-05T15:30:18+08:00 ] ::1 /thinkphp/index.php/Home/Product/js/jquery.imagezoom.min.js
ERR: 非法操作:js

[ 2017-01-05T15:30:39+08:00 ] ::1 /thinkphp/index.php/Home/Product/js/owl.carousel.min.js
ERR: 非法操作:js

[ 2017-01-05T15:33:37+08:00 ] ::1 /thinkphp/index.php/Home/Product/js/owl.carousel.min.js
ERR: 非法操作:js

[ 2017-01-05T15:48:25+08:00 ] ::1 /thinkphp/index.php/Home/Product/details/id/js/owl.carousel.min.js
ERR: 1054:Unknown column 'js' in 'where clause'
 [ SQL语句 ] : SELECT * FROM `nc_class` WHERE ( Id=js ) LIMIT 1  

[ 2017-01-05T15:51:20+08:00 ] ::1 /thinkphp/index.php/Home/Product/details/id/js/owl.carousel.min.js
ERR: 1054:Unknown column 'js' in 'where clause'
 [ SQL语句 ] : SELECT * FROM `nc_class` WHERE ( Id=js ) LIMIT 1  

[ 2017-01-05T15:52:46+08:00 ] ::1 /thinkphp/index.php/Home/Product/details/id/js/owl.carousel.min.js
ERR: 1054:Unknown column 'js' in 'where clause'
 [ SQL语句 ] : SELECT * FROM `nc_class` WHERE ( Id=js ) LIMIT 1  

[ 2017-01-05T15:53:22+08:00 ] ::1 /thinkphp/index.php/Home/Product/details/id/js/owl.carousel.min.js
ERR: 1054:Unknown column 'js' in 'where clause'
 [ SQL语句 ] : SELECT * FROM `nc_class` WHERE ( Id=js ) LIMIT 1  

[ 2017-01-05T15:53:51+08:00 ] ::1 /thinkphp/index.php/Home/Product/details/id/js/owl.carousel.min.js
ERR: 1054:Unknown column 'js' in 'where clause'
 [ SQL语句 ] : SELECT * FROM `nc_class` WHERE ( Id=js ) LIMIT 1  

[ 2017-01-05T15:54:10+08:00 ] ::1 /thinkphp/index.php/Home/Product/details/id/js/owl.carousel.min.js
ERR: 1054:Unknown column 'js' in 'where clause'
 [ SQL语句 ] : SELECT * FROM `nc_class` WHERE ( Id=js ) LIMIT 1  

[ 2017-01-05T15:54:42+08:00 ] ::1 /thinkphp/index.php/Home/Product/details/id/js/owl.carousel.min.js
ERR: 1054:Unknown column 'js' in 'where clause'
 [ SQL语句 ] : SELECT * FROM `nc_product` WHERE ( Id=js ) LIMIT 1  

[ 2017-01-05T15:55:56+08:00 ] ::1 /thinkphp/index.php/Home/Product/details/id/js/owl.carousel.min.js
ERR: 1054:Unknown column 'js' in 'where clause'
 [ SQL语句 ] : SELECT * FROM `nc_product` WHERE ( Id=js ) LIMIT 1  

[ 2017-01-05T15:56:06+08:00 ] ::1 /thinkphp/index.php/Home/Product/details/id/js/owl.carousel.min.js
ERR: 1054:Unknown column 'js' in 'where clause'
 [ SQL语句 ] : SELECT * FROM `nc_product` WHERE ( Id=js ) LIMIT 1  

[ 2017-01-05T15:56:52+08:00 ] ::1 /thinkphp/index.php/Home/Product/details/id/js/owl.carousel.min.js
ERR: 1054:Unknown column 'js' in 'where clause'
 [ SQL语句 ] : SELECT * FROM `nc_product` WHERE ( Id=js ) LIMIT 1  

[ 2017-01-05T15:57:09+08:00 ] ::1 /thinkphp/index.php/Home/Product/details/id/js/owl.carousel.min.js
ERR: 1054:Unknown column 'js' in 'where clause'
 [ SQL语句 ] : SELECT * FROM `nc_product` WHERE ( Id=js ) LIMIT 1  

[ 2017-01-05T15:57:25+08:00 ] ::1 /thinkphp/index.php/Home/Product/details/id/js/owl.carousel.min.js
ERR: 1054:Unknown column 'js' in 'where clause'
 [ SQL语句 ] : SELECT * FROM `nc_product` WHERE ( Id=js ) LIMIT 1  

[ 2017-01-05T15:58:09+08:00 ] ::1 /thinkphp/index.php/Home/Product/details/id/js/owl.carousel.min.js
ERR: 1054:Unknown column 'js' in 'where clause'
 [ SQL语句 ] : SELECT * FROM `nc_product` WHERE ( Id=js ) LIMIT 1  

[ 2017-01-05T16:06:03+08:00 ] ::1 /thinkphp/index.php/Home/Product/details/id/js/owl.carousel.min.js
ERR: 1054:Unknown column 'js' in 'where clause'
 [ SQL语句 ] : SELECT * FROM `nc_product` WHERE ( Id=js ) LIMIT 1  

[ 2017-01-05T16:06:50+08:00 ] ::1 /thinkphp/index.php/Home/Product/details/id/js/owl.carousel.min.js
ERR: 1054:Unknown column 'js' in 'where clause'
 [ SQL语句 ] : SELECT * FROM `nc_product` WHERE ( Id=js ) LIMIT 1  

[ 2017-01-05T16:08:30+08:00 ] ::1 /thinkphp/index.php/Home/Product/details/id/js/owl.carousel.min.js
ERR: 1054:Unknown column 'js' in 'where clause'
 [ SQL语句 ] : SELECT * FROM `nc_product` WHERE ( Id=js ) LIMIT 1  

[ 2017-01-05T16:16:55+08:00 ] ::1 /thinkphp/index.php/Home/Product/product_list/id/8
ERR: 1054:Unknown column 'cname' in 'field list'
 [ SQL语句 ] : SELECT `Id`,`cname`,`fatherId` FROM `nc_class` WHERE ( Id=8 ) LIMIT 1  

[ 2017-01-05T16:18:03+08:00 ] ::1 /thinkphp/index.php/Home/Product/details/id/js/owl.carousel.min.js
ERR: 1054:Unknown column 'js' in 'where clause'
 [ SQL语句 ] : SELECT * FROM `nc_product` WHERE ( Id=js ) LIMIT 1  

[ 2017-01-05T16:18:06+08:00 ] ::1 /thinkphp/index.php/Home/Product/details/id/js/owl.carousel.min.js
ERR: 1054:Unknown column 'js' in 'where clause'
 [ SQL语句 ] : SELECT * FROM `nc_product` WHERE ( Id=js ) LIMIT 1  

[ 2017-01-05T16:18:12+08:00 ] ::1 /thinkphp/index.php/Home/Product/details.html
ERR: 1064:You have an error in your SQL syntax; check the manual that corresponds to your MySQL server version for the right syntax to use near ') LIMIT 1' at line 1
 [ SQL语句 ] : SELECT * FROM `nc_product` WHERE ( Id= ) LIMIT 1  

[ 2017-01-05T16:48:03+08:00 ] ::1 /thinkphp/index.php/Home/Product/details/id/1
ERR: 1054:Unknown column 'password' in 'field list'
 [ SQL语句 ] : SELECT `password` FROM `nc_class` WHERE `Id` = 1 LIMIT 1  

[ 2017-01-05T16:52:27+08:00 ] ::1 /thinkphp/index.php/Home/Product/details/id/1
ERR: 1054:Unknown column 'classId' in 'field list'
 [ SQL语句 ] : SELECT `classId` FROM `nc_class` WHERE `Id` = 1 LIMIT 1  

[ 2017-01-05T16:53:31+08:00 ] ::1 /thinkphp/index.php/Home/Product/details/id/js/owl.carousel.min.js
ERR: 1054:Unknown column 'js' in 'where clause'
 [ SQL语句 ] : SELECT * FROM `nc_product` WHERE ( Id=js ) LIMIT 1  

[ 2017-01-05T16:55:05+08:00 ] ::1 /thinkphp/index.php/Home/Product/details/id/js/owl.carousel.min.js
ERR: 1054:Unknown column 'js' in 'where clause'
 [ SQL语句 ] : SELECT * FROM `nc_product` WHERE ( Id=js ) LIMIT 1  

[ 2017-01-05T16:55:38+08:00 ] ::1 /thinkphp/index.php/Home/Product/details/id/js/owl.carousel.min.js
ERR: 1054:Unknown column 'js' in 'where clause'
 [ SQL语句 ] : SELECT * FROM `nc_product` WHERE ( Id=js ) LIMIT 1  

[ 2017-01-05T16:55:59+08:00 ] ::1 /thinkphp/index.php/Home/Product/details/id/js/owl.carousel.min.js
ERR: 1054:Unknown column 'js' in 'where clause'
 [ SQL语句 ] : SELECT * FROM `nc_product` WHERE ( Id=js ) LIMIT 1  

[ 2017-01-05T16:56:54+08:00 ] ::1 /thinkphp/index.php/Home/Product/details/id/js/owl.carousel.min.js
ERR: 1054:Unknown column 'js' in 'where clause'
 [ SQL语句 ] : SELECT * FROM `nc_product` WHERE ( Id=js ) LIMIT 1  

[ 2017-01-05T16:57:37+08:00 ] ::1 /thinkphp/index.php/Home/Product/details/id/js/owl.carousel.min.js
ERR: 1054:Unknown column 'js' in 'where clause'
 [ SQL语句 ] : SELECT * FROM `nc_product` WHERE ( Id=js ) LIMIT 1  

[ 2017-01-05T16:57:56+08:00 ] ::1 /thinkphp/index.php/Home/Product/details/id/js/owl.carousel.min.js
ERR: 1054:Unknown column 'js' in 'where clause'
 [ SQL语句 ] : SELECT * FROM `nc_product` WHERE ( Id=js ) LIMIT 1  

[ 2017-01-05T16:58:57+08:00 ] ::1 /thinkphp/index.php/Home/Product/details/id/js/owl.carousel.min.js
ERR: 1054:Unknown column 'js' in 'where clause'
 [ SQL语句 ] : SELECT * FROM `nc_product` WHERE ( Id=js ) LIMIT 1  

[ 2017-01-05T16:59:30+08:00 ] ::1 /thinkphp/index.php/Home/Product/details/id/js/owl.carousel.min.js
ERR: 1054:Unknown column 'js' in 'where clause'
 [ SQL语句 ] : SELECT * FROM `nc_product` WHERE ( Id=js ) LIMIT 1  

[ 2017-01-05T16:59:55+08:00 ] ::1 /thinkphp/index.php/Home/Product/details/id/js/owl.carousel.min.js
ERR: 1054:Unknown column 'js' in 'where clause'
 [ SQL语句 ] : SELECT * FROM `nc_product` WHERE ( Id=js ) LIMIT 1  

[ 2017-01-05T17:00:05+08:00 ] ::1 /thinkphp/index.php/Home/Product/details/id/js/owl.carousel.min.js
ERR: 1054:Unknown column 'js' in 'where clause'
 [ SQL语句 ] : SELECT * FROM `nc_product` WHERE ( Id=js ) LIMIT 1  

[ 2017-01-05T17:00:07+08:00 ] ::1 /thinkphp/index.php/Home/Product/product_list/id/
ERR: 1064:You have an error in your SQL syntax; check the manual that corresponds to your MySQL server version for the right syntax to use near ') LIMIT 1' at line 1
 [ SQL语句 ] : SELECT * FROM `nc_class` WHERE ( Id= ) LIMIT 1  

[ 2017-01-05T17:00:52+08:00 ] ::1 /thinkphp/index.php/Home/Product/details/id/js/owl.carousel.min.js
ERR: 1054:Unknown column 'js' in 'where clause'
 [ SQL语句 ] : SELECT * FROM `nc_product` WHERE ( Id=js ) LIMIT 1  

[ 2017-01-05T17:00:55+08:00 ] ::1 /thinkphp/index.php/Home/Product/product_list/id/
ERR: 1064:You have an error in your SQL syntax; check the manual that corresponds to your MySQL server version for the right syntax to use near ') LIMIT 1' at line 1
 [ SQL语句 ] : SELECT * FROM `nc_class` WHERE ( Id= ) LIMIT 1  

[ 2017-01-05T17:00:57+08:00 ] ::1 /thinkphp/index.php/Home/Product/details/id/js/owl.carousel.min.js
ERR: 1054:Unknown column 'js' in 'where clause'
 [ SQL语句 ] : SELECT * FROM `nc_product` WHERE ( Id=js ) LIMIT 1  

[ 2017-01-05T17:00:59+08:00 ] ::1 /thinkphp/index.php/Home/Product/product_list/id/
ERR: 1064:You have an error in your SQL syntax; check the manual that corresponds to your MySQL server version for the right syntax to use near ') LIMIT 1' at line 1
 [ SQL语句 ] : SELECT * FROM `nc_class` WHERE ( Id= ) LIMIT 1  

[ 2017-01-05T17:01:03+08:00 ] ::1 /thinkphp/index.php/Home/Product/details/id/js/owl.carousel.min.js
ERR: 1054:Unknown column 'js' in 'where clause'
 [ SQL语句 ] : SELECT * FROM `nc_product` WHERE ( Id=js ) LIMIT 1  

[ 2017-01-05T17:01:45+08:00 ] ::1 /thinkphp/index.php/Home/Product/details/id/js/owl.carousel.min.js
ERR: 1054:Unknown column 'js' in 'where clause'
 [ SQL语句 ] : SELECT * FROM `nc_product` WHERE ( Id=js ) LIMIT 1  

[ 2017-01-05T17:02:36+08:00 ] ::1 /thinkphp/index.php/Home/Product/details/id/js/owl.carousel.min.js
ERR: 1054:Unknown column 'js' in 'where clause'
 [ SQL语句 ] : SELECT * FROM `nc_product` WHERE ( Id=js ) LIMIT 1  

[ 2017-01-05T17:02:43+08:00 ] ::1 /thinkphp/index.php/Home/Product/details/id/js/owl.carousel.min.js
ERR: 1054:Unknown column 'js' in 'where clause'
 [ SQL语句 ] : SELECT * FROM `nc_product` WHERE ( Id=js ) LIMIT 1  

[ 2017-01-05T17:02:47+08:00 ] ::1 /thinkphp/index.php/Home/Product/details/id/js/owl.carousel.min.js
ERR: 1054:Unknown column 'js' in 'where clause'
 [ SQL语句 ] : SELECT * FROM `nc_product` WHERE ( Id=js ) LIMIT 1  

[ 2017-01-05T17:06:09+08:00 ] ::1 /thinkphp/index.php/Home/Product/details/id/js/owl.carousel.min.js
ERR: 1054:Unknown column 'js' in 'where clause'
 [ SQL语句 ] : SELECT * FROM `nc_product` WHERE ( Id=js ) LIMIT 1  

[ 2017-01-05T17:26:49+08:00 ] ::1 /thinkphp/index.php/Home/Product/details/id/js/owl.carousel.min.js
ERR: 1054:Unknown column 'js' in 'where clause'
 [ SQL语句 ] : SELECT * FROM `nc_product` WHERE ( Id=js ) LIMIT 1  

[ 2017-01-05T17:27:24+08:00 ] ::1 /thinkphp/index.php/Home/Index/my_order.html
ERR: 非法操作:my_order

[ 2017-01-05T17:28:44+08:00 ] ::1 /thinkphp/index.php/Home/Product/details/id/js/owl.carousel.min.js
ERR: 1054:Unknown column 'js' in 'where clause'
 [ SQL语句 ] : SELECT * FROM `nc_product` WHERE ( Id=js ) LIMIT 1  

[ 2017-01-05T17:39:31+08:00 ] ::1 /thinkphp/index.php/Home/Product/details/id/js/owl.carousel.min.js
ERR: 1054:Unknown column 'js' in 'where clause'
 [ SQL语句 ] : SELECT * FROM `nc_product` WHERE ( Id=js ) LIMIT 1  

[ 2017-01-05T17:39:36+08:00 ] ::1 /thinkphp/index.php/Home/Product/details/id/js/owl.carousel.min.js
ERR: 1054:Unknown column 'js' in 'where clause'
 [ SQL语句 ] : SELECT * FROM `nc_product` WHERE ( Id=js ) LIMIT 1  

[ 2017-01-05T18:35:07+08:00 ] ::1 /thinkphp/index.php/Home/Product/details/id/js/owl.carousel.min.js
ERR: 1054:Unknown column 'js' in 'where clause'
 [ SQL语句 ] : SELECT * FROM `nc_product` WHERE ( Id=js ) LIMIT 1  

[ 2017-01-05T18:55:04+08:00 ] ::1 /thinkphp/index.php/Home/Product/details/id/js/owl.carousel.min.js
ERR: 1054:Unknown column 'js' in 'where clause'
 [ SQL语句 ] : SELECT * FROM `nc_product` WHERE ( Id=js ) LIMIT 1  

[ 2017-01-05T19:15:16+08:00 ] ::1 /thinkphp/index.php/Home/Product/details/id/js/owl.carousel.min.js
ERR: 1054:Unknown column 'js' in 'where clause'
 [ SQL语句 ] : SELECT * FROM `nc_product` WHERE ( Id=js ) LIMIT 1  

[ 2017-01-05T19:15:19+08:00 ] ::1 /thinkphp/index.php/Home/product/sp_list
ERR: 非法操作:sp_list

[ 2017-01-05T19:15:42+08:00 ] ::1 /thinkphp/index.php/Home/Product/details/id/js/owl.carousel.min.js
ERR: 1054:Unknown column 'js' in 'where clause'
 [ SQL语句 ] : SELECT * FROM `nc_product` WHERE ( Id=js ) LIMIT 1  

[ 2017-01-05T19:15:59+08:00 ] ::1 /thinkphp/index.php/Home/Product/details/id/js/owl.carousel.min.js
ERR: 1054:Unknown column 'js' in 'where clause'
 [ SQL语句 ] : SELECT * FROM `nc_product` WHERE ( Id=js ) LIMIT 1  

[ 2017-01-05T19:19:11+08:00 ] ::1 /thinkphp/index.php/Home/Product/details/id/js/owl.carousel.min.js
ERR: 1054:Unknown column 'js' in 'where clause'
 [ SQL语句 ] : SELECT * FROM `nc_product` WHERE ( Id=js ) LIMIT 1  

[ 2017-01-05T19:19:18+08:00 ] ::1 /thinkphp/index.php/Home/Product/details/id/js/owl.carousel.min.js
ERR: 1054:Unknown column 'js' in 'where clause'
 [ SQL语句 ] : SELECT * FROM `nc_product` WHERE ( Id=js ) LIMIT 1  

[ 2017-01-05T19:19:21+08:00 ] ::1 /thinkphp/index.php/Home/product/sp_list
ERR: 非法操作:sp_list

[ 2017-01-05T19:20:08+08:00 ] ::1 /thinkphp/index.php/Home/Product/details/id/js/owl.carousel.min.js
ERR: 1054:Unknown column 'js' in 'where clause'
 [ SQL语句 ] : SELECT * FROM `nc_product` WHERE ( Id=js ) LIMIT 1  

[ 2017-01-05T19:20:22+08:00 ] ::1 /thinkphp/index.php/Home/product/sp_list
ERR: 非法操作:sp_list

[ 2017-01-05T19:21:41+08:00 ] ::1 /thinkphp/index.php/Home/Product/details/id/js/owl.carousel.min.js
ERR: 1054:Unknown column 'js' in 'where clause'
 [ SQL语句 ] : SELECT * FROM `nc_product` WHERE ( Id=js ) LIMIT 1  

[ 2017-01-05T19:21:45+08:00 ] ::1 /thinkphp/index.php/Home/product/sp_list
ERR: 非法操作:sp_list

[ 2017-01-05T19:36:08+08:00 ] ::1 /thinkphp/index.php/Home/Product/details/id/js/owl.carousel.min.js
ERR: 1054:Unknown column 'js' in 'where clause'
 [ SQL语句 ] : SELECT * FROM `nc_product` WHERE ( Id=js ) LIMIT 1  

[ 2017-01-05T19:37:00+08:00 ] ::1 /thinkphp/index.php/Home/Product/details/id/js/owl.carousel.min.js
ERR: 1054:Unknown column 'js' in 'where clause'
 [ SQL语句 ] : SELECT * FROM `nc_product` WHERE ( Id=js ) LIMIT 1  

[ 2017-01-05T19:37:03+08:00 ] ::1 /thinkphp/index.php/Home/product/sp_list
ERR: 模板不存在:./Application/Home/View/Product/shopcar.html

[ 2017-01-05T19:39:08+08:00 ] ::1 /thinkphp/index.php/Home/product/sp_list
ERR: 模板不存在:./Application/Home/View/product/shopcar.html

[ 2017-01-05T19:39:18+08:00 ] ::1 /thinkphp/index.php/Home/Product/details/id/js/owl.carousel.min.js
ERR: 1054:Unknown column 'js' in 'where clause'
 [ SQL语句 ] : SELECT * FROM `nc_product` WHERE ( Id=js ) LIMIT 1  

[ 2017-01-05T19:39:20+08:00 ] ::1 /thinkphp/index.php/Home/product/sp_list
ERR: 模板不存在:./Application/Home/View/product/shopcar.html

[ 2017-01-05T19:41:37+08:00 ] ::1 /thinkphp/index.php/Home/Product/details/id/js/owl.carousel.min.js
ERR: 1054:Unknown column 'js' in 'where clause'
 [ SQL语句 ] : SELECT * FROM `nc_product` WHERE ( Id=js ) LIMIT 1  

[ 2017-01-05T19:45:51+08:00 ] ::1 /thinkphp/index.php/Home/Product/details/id/js/owl.carousel.min.js
ERR: 1054:Unknown column 'js' in 'where clause'
 [ SQL语句 ] : SELECT * FROM `nc_product` WHERE ( Id=js ) LIMIT 1  

[ 2017-01-05T19:45:54+08:00 ] ::1 /thinkphp/index.php/Home/product/sp_list
ERR: 模板不存在:./Application/Home/View/Product/shopcar.html

[ 2017-01-05T19:47:09+08:00 ] ::1 /thinkphp/index.php/Home/Product/details/id/js/owl.carousel.min.js
ERR: 1054:Unknown column 'js' in 'where clause'
 [ SQL语句 ] : SELECT * FROM `nc_product` WHERE ( Id=js ) LIMIT 1  

[ 2017-01-05T19:52:34+08:00 ] ::1 /thinkphp/index.php/Home/Product/details/id/js/owl.carousel.min.js
ERR: 1054:Unknown column 'js' in 'where clause'
 [ SQL语句 ] : SELECT * FROM `nc_product` WHERE ( Id=js ) LIMIT 1  

[ 2017-01-05T19:52:38+08:00 ] ::1 /thinkphp/index.php/Home/product/sp_list
ERR: Think\Model:shpclist方法不存在！

[ 2017-01-05T19:53:15+08:00 ] ::1 /thinkphp/index.php/Home/product/sp_list
ERR: Think\Model:shpclist方法不存在！

[ 2017-01-05T19:54:11+08:00 ] ::1 /thinkphp/index.php/Home/product/sp_list
ERR: Think\Model:shpclist方法不存在！

[ 2017-01-05T19:57:28+08:00 ] ::1 /thinkphp/index.php/Home/Product/details/id/js/owl.carousel.min.js
ERR: 1054:Unknown column 'js' in 'where clause'
 [ SQL语句 ] : SELECT * FROM `nc_product` WHERE ( Id=js ) LIMIT 1  

[ 2017-01-05T20:58:29+08:00 ] ::1 /thinkphp/index.php/Home/Product/details/id/js/owl.carousel.min.js
ERR: 1054:Unknown column 'js' in 'where clause'
 [ SQL语句 ] : SELECT * FROM `nc_product` WHERE ( Id=js ) LIMIT 1  

[ 2017-01-05T20:58:32+08:00 ] ::1 /thinkphp/index.php/Home/Product/shoppcar/id/2
ERR: Think\Controller:where方法不存在！

[ 2017-01-05T21:00:58+08:00 ] ::1 /thinkphp/index.php/Home/Product/details/id/js/owl.carousel.min.js
ERR: 1054:Unknown column 'js' in 'where clause'
 [ SQL语句 ] : SELECT * FROM `nc_product` WHERE ( Id=js ) LIMIT 1  

[ 2017-01-05T21:01:00+08:00 ] ::1 /thinkphp/index.php/Home/Product/shoppcar/id/2
ERR: Think\Controller:where方法不存在！

[ 2017-01-05T21:03:05+08:00 ] ::1 /thinkphp/index.php/Home/Product/details/id/js/owl.carousel.min.js
ERR: 1054:Unknown column 'js' in 'where clause'
 [ SQL语句 ] : SELECT * FROM `nc_product` WHERE ( Id=js ) LIMIT 1  

[ 2017-01-05T21:03:07+08:00 ] ::1 /thinkphp/index.php/Home/Product/shoppcar/id/2
ERR: Think\Controller:where方法不存在！

[ 2017-01-05T21:06:04+08:00 ] ::1 /thinkphp/index.php/Home/Product/shoppcar/id/2
ERR: Think\Controller:where方法不存在！

[ 2017-01-05T21:06:51+08:00 ] ::1 /thinkphp/index.php/Home/Product/shoppcar/id/2
ERR: Think\Controller:where方法不存在！

[ 2017-01-05T21:06:54+08:00 ] ::1 /thinkphp/index.php/Home/Product/shoppcar/id/2
ERR: Think\Controller:where方法不存在！

[ 2017-01-05T21:08:52+08:00 ] ::1 /thinkphp/index.php/Home/Product/details.html
ERR: 1064:You have an error in your SQL syntax; check the manual that corresponds to your MySQL server version for the right syntax to use near ') LIMIT 1' at line 1
 [ SQL语句 ] : SELECT * FROM `nc_product` WHERE ( Id= ) LIMIT 1  

[ 2017-01-05T21:09:03+08:00 ] ::1 /thinkphp/index.php/Home/Product/details/id/js/owl.carousel.min.js
ERR: 1054:Unknown column 'js' in 'where clause'
 [ SQL语句 ] : SELECT * FROM `nc_product` WHERE ( Id=js ) LIMIT 1  

[ 2017-01-05T21:18:36+08:00 ] ::1 /thinkphp/index.php/Home/Product/details/id/js/owl.carousel.min.js
ERR: 1054:Unknown column 'js' in 'where clause'
 [ SQL语句 ] : SELECT * FROM `nc_product` WHERE ( Id=js ) LIMIT 1  

[ 2017-01-05T21:19:05+08:00 ] ::1 /thinkphp/index.php/Home/Product/details/id/js/owl.carousel.min.js
ERR: 1054:Unknown column 'js' in 'where clause'
 [ SQL语句 ] : SELECT * FROM `nc_product` WHERE ( Id=js ) LIMIT 1  

[ 2017-01-05T21:22:35+08:00 ] ::1 /thinkphp/index.php/Home/Product/details/id/js/owl.carousel.min.js
ERR: 1054:Unknown column 'js' in 'where clause'
 [ SQL语句 ] : SELECT * FROM `nc_product` WHERE ( Id=js ) LIMIT 1  

[ 2017-01-05T21:22:42+08:00 ] ::1 /thinkphp/index.php/Home/Product/details/id/js/owl.carousel.min.js
ERR: 1054:Unknown column 'js' in 'where clause'
 [ SQL语句 ] : SELECT * FROM `nc_product` WHERE ( Id=js ) LIMIT 1  

[ 2017-01-05T21:25:36+08:00 ] ::1 /thinkphp/index.php/Home/Product/shoppcar/
ERR: 1452:Cannot add or update a child row: a foreign key constraint fails (`mydata`.`nc_shopcar`, CONSTRAINT `nc_shopcar_ibfk_1` FOREIGN KEY (`productId`) REFERENCES `nc_product` (`Id`))
 [ SQL语句 ] : INSERT INTO `nc_shopcar` (`productId`,`productNum`,`addTime`,`addUser`) VALUES ('0','1','2017-01-05 21:25:36',NULL)

[ 2017-01-05T21:26:08+08:00 ] ::1 /thinkphp/index.php/Home/Product/shoppcar/
ERR: 1452:Cannot add or update a child row: a foreign key constraint fails (`mydata`.`nc_shopcar`, CONSTRAINT `nc_shopcar_ibfk_1` FOREIGN KEY (`productId`) REFERENCES `nc_product` (`Id`))
 [ SQL语句 ] : INSERT INTO `nc_shopcar` (`productId`,`productNum`,`addTime`,`addUser`) VALUES ('0','1','2017-01-05 21:26:08',NULL)

[ 2017-01-05T21:31:25+08:00 ] ::1 /thinkphp/index.php/Home/Product/sp_list/
ERR: 非法操作:sp_list

[ 2017-01-05T21:32:31+08:00 ] ::1 /thinkphp/index.php/Home/Product/details/id/js/owl.carousel.min.js
ERR: 1054:Unknown column 'js' in 'where clause'
 [ SQL语句 ] : SELECT * FROM `nc_product` WHERE ( Id=js ) LIMIT 1  

[ 2017-01-05T21:32:38+08:00 ] ::1 /thinkphp/index.php/Home/Product/shoppcar/id/1
ERR: 非法操作:shoppcar

[ 2017-01-05T21:34:09+08:00 ] ::1 /thinkphp/index.php/Home/Product/details/id/js/owl.carousel.min.js
ERR: 1054:Unknown column 'js' in 'where clause'
 [ SQL语句 ] : SELECT * FROM `nc_product` WHERE ( Id=js ) LIMIT 1  

[ 2017-01-05T21:34:09+08:00 ] ::1 /thinkphp/index.php/Home/Product/shoppcar/id/1
ERR: 非法操作:shoppcar

[ 2017-01-05T21:34:14+08:00 ] ::1 /thinkphp/index.php/Home/Product/details/id/js/owl.carousel.min.js
ERR: 1054:Unknown column 'js' in 'where clause'
 [ SQL语句 ] : SELECT * FROM `nc_product` WHERE ( Id=js ) LIMIT 1  

[ 2017-01-05T21:34:34+08:00 ] ::1 /thinkphp/index.php/Home/Product/details/id/js/owl.carousel.min.js
ERR: 1054:Unknown column 'js' in 'where clause'
 [ SQL语句 ] : SELECT * FROM `nc_product` WHERE ( Id=js ) LIMIT 1  

[ 2017-01-05T21:35:52+08:00 ] ::1 /thinkphp/index.php/Home/Product/details/id/js/owl.carousel.min.js
ERR: 1054:Unknown column 'js' in 'where clause'
 [ SQL语句 ] : SELECT * FROM `nc_product` WHERE ( Id=js ) LIMIT 1  

[ 2017-01-05T21:36:16+08:00 ] ::1 /thinkphp/index.php/Home/Product/details/id/js/owl.carousel.min.js
ERR: 1054:Unknown column 'js' in 'where clause'
 [ SQL语句 ] : SELECT * FROM `nc_product` WHERE ( Id=js ) LIMIT 1  

[ 2017-01-05T21:36:19+08:00 ] ::1 /thinkphp/index.php/Home/product/sp_list
ERR: 非法操作:sp_list

[ 2017-01-05T21:36:53+08:00 ] ::1 /thinkphp/index.php/Home/product/sp_list
ERR: 非法操作:sp_list

[ 2017-01-05T21:36:54+08:00 ] ::1 /thinkphp/index.php/Home/product/sp_list
ERR: 非法操作:sp_list

[ 2017-01-05T21:36:57+08:00 ] ::1 /thinkphp/index.php/Home/Product/details/id/js/owl.carousel.min.js
ERR: 1054:Unknown column 'js' in 'where clause'
 [ SQL语句 ] : SELECT * FROM `nc_product` WHERE ( Id=js ) LIMIT 1  

[ 2017-01-05T21:37:42+08:00 ] ::1 /thinkphp/index.php/Home/Index/article.html
ERR: 非法操作:article

[ 2017-01-05T21:39:06+08:00 ] ::1 /thinkphp/index.php/Home/Index/my_order.html
ERR: 非法操作:my_order

[ 2017-01-05T21:39:41+08:00 ] ::1 /thinkphp/index.php/Home/Product/details/id/js/owl.carousel.min.js
ERR: 1054:Unknown column 'js' in 'where clause'
 [ SQL语句 ] : SELECT * FROM `nc_product` WHERE ( Id=js ) LIMIT 1  

[ 2017-01-05T21:39:53+08:00 ] ::1 /thinkphp/index.php/Home/Product/details/id/order.html
ERR: 1064:You have an error in your SQL syntax; check the manual that corresponds to your MySQL server version for the right syntax to use near 'order ) LIMIT 1' at line 1
 [ SQL语句 ] : SELECT * FROM `nc_product` WHERE ( Id=order ) LIMIT 1  

[ 2017-01-05T21:39:55+08:00 ] ::1 /thinkphp/index.php/Home/Product/details/id/js/owl.carousel.min.js
ERR: 1054:Unknown column 'js' in 'where clause'
 [ SQL语句 ] : SELECT * FROM `nc_product` WHERE ( Id=js ) LIMIT 1  

[ 2017-01-05T21:40:12+08:00 ] ::1 /thinkphp/index.php/Home/Product/details/id/js/owl.carousel.min.js
ERR: 1054:Unknown column 'js' in 'where clause'
 [ SQL语句 ] : SELECT * FROM `nc_product` WHERE ( Id=js ) LIMIT 1  

