[ 2017-01-04T21:45:52+08:00 ] ::1 /thinkphp/index.php/Home/Product/css/public.css
ERR: 非法操作:css

[ 2017-01-04T21:45:52+08:00 ] ::1 /thinkphp/index.php/Home/Product/css/lanmu.css
ERR: 非法操作:css

[ 2017-01-04T21:45:52+08:00 ] ::1 /thinkphp/index.php/Home/Product/js/slide.js
ERR: 非法操作:js

[ 2017-01-04T21:45:52+08:00 ] ::1 /thinkphp/index.php/Home/Product/js/jquery-1.7.2.min.js
ERR: 非法操作:js

[ 2017-01-04T21:45:52+08:00 ] ::1 /thinkphp/index.php/Home/Product/css/public.css
ERR: 非法操作:css

[ 2017-01-04T21:45:52+08:00 ] ::1 /thinkphp/index.php/Home/Product/js/slide.js
ERR: 非法操作:js

[ 2017-01-04T21:49:56+08:00 ] ::1 /thinkphp/index.php/Home/Product/css/lanmu.css
ERR: 非法操作:css

[ 2017-01-04T21:50:33+08:00 ] ::1 /thinkphp/index.php/Home/Product/css/lanmu.css
ERR: 非法操作:css

[ 2017-01-04T21:51:07+08:00 ] ::1 /thinkphp/index.php/Home/Product/index.html
ERR: 非法操作:index

[ 2017-01-04T21:55:19+08:00 ] ::1 /thinkphp/index.php/Home/Product/index.html
ERR: 非法操作:index

[ 2017-01-04T22:32:18+08:00 ] ::1 /thinkphp/index.php/Home/Index/index
ERR: 1146:Table 'mydata.nc_clslist' doesn't exist
 [ SQL语句 ] : SHOW COLUMNS FROM `nc_clslist`

