[ 2017-01-02T13:31:50+08:00 ] ::1 /thinkphp/Application/Home/View/css/public.css
ERR: 无法加载模块:Application

[ 2017-01-02T13:31:50+08:00 ] ::1 /thinkphp/Application/Home/View/css/address.css
ERR: 无法加载模块:Application

[ 2017-01-02T13:31:50+08:00 ] ::1 /thinkphp/Application/Home/View/js/slide.js
ERR: 无法加载模块:Application

[ 2017-01-02T13:31:50+08:00 ] ::1 /thinkphp/Application/Home/View/js/jquery-1.7.2.min.js
ERR: 无法加载模块:Application

[ 2017-01-02T13:31:50+08:00 ] ::1 /thinkphp/Application/Home/View/image/p11.png
ERR: 无法加载模块:Application

[ 2017-01-02T13:31:50+08:00 ] ::1 /thinkphp/Application/Home/View/image/c2.png
ERR: 无法加载模块:Application

[ 2017-01-02T13:31:50+08:00 ] ::1 /thinkphp/Application/Home/View/image/c3.png
ERR: 无法加载模块:Application

[ 2017-01-02T13:31:50+08:00 ] ::1 /thinkphp/Application/Home/View/image/logo.png
ERR: 无法加载模块:Application

[ 2017-01-02T13:31:50+08:00 ] ::1 /thinkphp/Application/Home/View/image/sanjiao.png
ERR: 无法加载模块:Application

[ 2017-01-02T13:31:50+08:00 ] ::1 /thinkphp/Application/Home/View/image/c1.png
ERR: 无法加载模块:Application

[ 2017-01-02T13:31:50+08:00 ] ::1 /thinkphp/Application/Home/View/js/slide.js
ERR: 无法加载模块:Application

[ 2017-01-02T13:31:50+08:00 ] ::1 /thinkphp/Application/Home/View/image/c5.png
ERR: 无法加载模块:Application

[ 2017-01-02T13:31:50+08:00 ] ::1 /thinkphp/Application/Home/View/image/weixin.png
ERR: 无法加载模块:Application

[ 2017-01-02T13:31:50+08:00 ] ::1 /thinkphp/Application/Home/View/image/weibo.png
ERR: 无法加载模块:Application

[ 2017-01-02T13:31:50+08:00 ] ::1 /thinkphp/Application/Home/View/image/QQ.png
ERR: 无法加载模块:Application

[ 2017-01-02T13:31:50+08:00 ] ::1 /thinkphp/Application/Home/View/image/weixin1.png
ERR: 无法加载模块:Application

[ 2017-01-02T13:31:50+08:00 ] ::1 /thinkphp/Application/Home/View/image/sanjiao.png
ERR: 无法加载模块:Application

[ 2017-01-02T13:31:50+08:00 ] ::1 /thinkphp/Application/Home/View/image/logo.png
ERR: 无法加载模块:Application

[ 2017-01-02T13:31:50+08:00 ] ::1 /thinkphp/Application/Home/View/image/p11.png
ERR: 无法加载模块:Application

[ 2017-01-02T13:31:50+08:00 ] ::1 /thinkphp/Application/Home/View/image/c1.png
ERR: 无法加载模块:Application

[ 2017-01-02T13:31:50+08:00 ] ::1 /thinkphp/Application/Home/View/image/c3.png
ERR: 无法加载模块:Application

[ 2017-01-02T13:31:50+08:00 ] ::1 /thinkphp/Application/Home/View/image/c2.png
ERR: 无法加载模块:Application

[ 2017-01-02T13:51:24+08:00 ] ::1 /thinkphp/image/sanjiao.png
ERR: 无法加载模块:Image

[ 2017-01-02T13:51:24+08:00 ] ::1 /thinkphp/image/bg5.png
ERR: 无法加载模块:Image

[ 2017-01-02T13:51:24+08:00 ] ::1 /thinkphp/image/logo.png
ERR: 无法加载模块:Image

[ 2017-01-02T13:51:24+08:00 ] ::1 /thinkphp/image/bg6.png
ERR: 无法加载模块:Image

[ 2017-01-02T13:51:24+08:00 ] ::1 /thinkphp/image/bg4.png
ERR: 无法加载模块:Image

[ 2017-01-02T13:51:24+08:00 ] ::1 /thinkphp/image/bg3.png
ERR: 无法加载模块:Image

[ 2017-01-02T13:51:24+08:00 ] ::1 /thinkphp/image/tubiao2.png
ERR: 无法加载模块:Image

[ 2017-01-02T13:51:24+08:00 ] ::1 /thinkphp/image/guanggao.png
ERR: 无法加载模块:Image

[ 2017-01-02T13:51:24+08:00 ] ::1 /thinkphp/image/chanping.png
ERR: 无法加载模块:Image

[ 2017-01-02T13:51:24+08:00 ] ::1 /thinkphp/image/chanping3.jpg
ERR: 无法加载模块:Image

[ 2017-01-02T13:51:24+08:00 ] ::1 /thinkphp/image/chanping5.jpg
ERR: 无法加载模块:Image

[ 2017-01-02T13:51:24+08:00 ] ::1 /thinkphp/image/c1.png
ERR: 无法加载模块:Image

[ 2017-01-02T13:51:24+08:00 ] ::1 /thinkphp/image/c2.png
ERR: 无法加载模块:Image

[ 2017-01-02T13:51:24+08:00 ] ::1 /thinkphp/image/c3.png
ERR: 无法加载模块:Image

[ 2017-01-02T13:51:24+08:00 ] ::1 /thinkphp/image/c5.png
ERR: 无法加载模块:Image

[ 2017-01-02T13:51:24+08:00 ] ::1 /thinkphp/image/weixin.png
ERR: 无法加载模块:Image

[ 2017-01-02T13:51:24+08:00 ] ::1 /thinkphp/image/weibo.png
ERR: 无法加载模块:Image

[ 2017-01-02T13:51:24+08:00 ] ::1 /thinkphp/image/QQ.png
ERR: 无法加载模块:Image

[ 2017-01-02T13:51:24+08:00 ] ::1 /thinkphp/image/weixin1.png
ERR: 无法加载模块:Image

[ 2017-01-02T13:51:24+08:00 ] ::1 /thinkphp/image/bg2.png
ERR: 无法加载模块:Image

[ 2017-01-02T13:51:24+08:00 ] ::1 /thinkphp/image/f_one.png
ERR: 无法加载模块:Image

[ 2017-01-02T13:51:24+08:00 ] ::1 /thinkphp/image/f_two.png
ERR: 无法加载模块:Image

[ 2017-01-02T13:51:24+08:00 ] ::1 /thinkphp/image/f_three.png
ERR: 无法加载模块:Image

[ 2017-01-02T13:51:24+08:00 ] ::1 /thinkphp/image/f_four.png
ERR: 无法加载模块:Image

[ 2017-01-02T13:51:24+08:00 ] ::1 /thinkphp/image/f_five.png
ERR: 无法加载模块:Image

[ 2017-01-02T13:52:00+08:00 ] ::1 /thinkphp/image/logo.png
ERR: 无法加载模块:Image

[ 2017-01-02T13:52:00+08:00 ] ::1 /thinkphp/image/bg3.png
ERR: 无法加载模块:Image

[ 2017-01-02T13:52:00+08:00 ] ::1 /thinkphp/image/bg4.png
ERR: 无法加载模块:Image

[ 2017-01-02T13:52:00+08:00 ] ::1 /thinkphp/image/bg6.png
ERR: 无法加载模块:Image

[ 2017-01-02T13:52:00+08:00 ] ::1 /thinkphp/image/bg5.png
ERR: 无法加载模块:Image

[ 2017-01-02T13:52:00+08:00 ] ::1 /thinkphp/image/tubiao2.png
ERR: 无法加载模块:Image

[ 2017-01-02T13:52:00+08:00 ] ::1 /thinkphp/image/guanggao.png
ERR: 无法加载模块:Image

[ 2017-01-02T13:52:00+08:00 ] ::1 /thinkphp/image/chanping.png
ERR: 无法加载模块:Image

[ 2017-01-02T13:52:00+08:00 ] ::1 /thinkphp/image/chanping3.jpg
ERR: 无法加载模块:Image

[ 2017-01-02T13:52:00+08:00 ] ::1 /thinkphp/image/chanping5.jpg
ERR: 无法加载模块:Image

[ 2017-01-02T13:52:00+08:00 ] ::1 /thinkphp/image/c1.png
ERR: 无法加载模块:Image

[ 2017-01-02T13:52:00+08:00 ] ::1 /thinkphp/image/logo.png
ERR: 无法加载模块:Image

[ 2017-01-02T13:52:00+08:00 ] ::1 /thinkphp/image/c2.png
ERR: 无法加载模块:Image

[ 2017-01-02T13:52:00+08:00 ] ::1 /thinkphp/image/c3.png
ERR: 无法加载模块:Image

[ 2017-01-02T13:52:00+08:00 ] ::1 /thinkphp/image/bg2.png
ERR: 无法加载模块:Image

[ 2017-01-02T13:52:00+08:00 ] ::1 /thinkphp/image/f_one.png
ERR: 无法加载模块:Image

[ 2017-01-02T13:52:00+08:00 ] ::1 /thinkphp/image/f_two.png
ERR: 无法加载模块:Image

[ 2017-01-02T13:52:00+08:00 ] ::1 /thinkphp/image/f_three.png
ERR: 无法加载模块:Image

[ 2017-01-02T13:52:00+08:00 ] ::1 /thinkphp/image/f_four.png
ERR: 无法加载模块:Image

[ 2017-01-02T13:52:00+08:00 ] ::1 /thinkphp/image/f_five.png
ERR: 无法加载模块:Image

[ 2017-01-02T13:52:00+08:00 ] ::1 /thinkphp/image/c5.png
ERR: 无法加载模块:Image

[ 2017-01-02T13:52:00+08:00 ] ::1 /thinkphp/image/weixin.png
ERR: 无法加载模块:Image

[ 2017-01-02T13:52:00+08:00 ] ::1 /thinkphp/image/weibo.png
ERR: 无法加载模块:Image

[ 2017-01-02T13:52:00+08:00 ] ::1 /thinkphp/image/QQ.png
ERR: 无法加载模块:Image

[ 2017-01-02T13:52:01+08:00 ] ::1 /thinkphp/image/weixin1.png
ERR: 无法加载模块:Image

[ 2017-01-02T13:53:10+08:00 ] ::1 /thinkphp/image/bg3.png
ERR: 无法加载模块:Image

[ 2017-01-02T13:53:10+08:00 ] ::1 /thinkphp/image/bg4.png
ERR: 无法加载模块:Image

[ 2017-01-02T13:53:10+08:00 ] ::1 /thinkphp/image/tubiao2.png
ERR: 无法加载模块:Image

[ 2017-01-02T13:53:10+08:00 ] ::1 /thinkphp/image/bg5.png
ERR: 无法加载模块:Image

[ 2017-01-02T13:53:10+08:00 ] ::1 /thinkphp/image/bg6.png
ERR: 无法加载模块:Image

[ 2017-01-02T13:53:10+08:00 ] ::1 /thinkphp/image/guanggao.png
ERR: 无法加载模块:Image

[ 2017-01-02T13:53:10+08:00 ] ::1 /thinkphp/image/chanping.png
ERR: 无法加载模块:Image

[ 2017-01-02T13:53:10+08:00 ] ::1 /thinkphp/image/chanping3.jpg
ERR: 无法加载模块:Image

[ 2017-01-02T13:53:10+08:00 ] ::1 /thinkphp/image/chanping5.jpg
ERR: 无法加载模块:Image

[ 2017-01-02T13:53:10+08:00 ] ::1 /thinkphp/image/bg3.png
ERR: 无法加载模块:Image

[ 2017-01-02T13:53:10+08:00 ] ::1 /thinkphp/image/bg2.png
ERR: 无法加载模块:Image

[ 2017-01-02T13:53:10+08:00 ] ::1 /thinkphp/image/f_one.png
ERR: 无法加载模块:Image

[ 2017-01-02T13:53:11+08:00 ] ::1 /thinkphp/image/f_two.png
ERR: 无法加载模块:Image

[ 2017-01-02T13:53:11+08:00 ] ::1 /thinkphp/image/f_three.png
ERR: 无法加载模块:Image

[ 2017-01-02T13:53:11+08:00 ] ::1 /thinkphp/image/f_four.png
ERR: 无法加载模块:Image

[ 2017-01-02T13:53:11+08:00 ] ::1 /thinkphp/image/f_five.png
ERR: 无法加载模块:Image

[ 2017-01-02T13:54:20+08:00 ] ::1 /thinkphp/image/bg3.png
ERR: 无法加载模块:Image

[ 2017-01-02T13:54:20+08:00 ] ::1 /thinkphp/image/bg4.png
ERR: 无法加载模块:Image

[ 2017-01-02T13:54:20+08:00 ] ::1 /thinkphp/image/bg5.png
ERR: 无法加载模块:Image

[ 2017-01-02T13:54:20+08:00 ] ::1 /thinkphp/image/bg6.png
ERR: 无法加载模块:Image

[ 2017-01-02T13:54:20+08:00 ] ::1 /thinkphp/image/tubiao2.png
ERR: 无法加载模块:Image

[ 2017-01-02T13:54:20+08:00 ] ::1 /thinkphp/image/guanggao.png
ERR: 无法加载模块:Image

[ 2017-01-02T13:54:20+08:00 ] ::1 /thinkphp/image/chanping.png
ERR: 无法加载模块:Image

[ 2017-01-02T13:54:20+08:00 ] ::1 /thinkphp/image/chanping3.jpg
ERR: 无法加载模块:Image

[ 2017-01-02T13:54:20+08:00 ] ::1 /thinkphp/image/chanping5.jpg
ERR: 无法加载模块:Image

[ 2017-01-02T13:54:20+08:00 ] ::1 /thinkphp/image/bg3.png
ERR: 无法加载模块:Image

[ 2017-01-02T13:54:20+08:00 ] ::1 /thinkphp/image/f_one.png
ERR: 无法加载模块:Image

[ 2017-01-02T13:54:20+08:00 ] ::1 /thinkphp/image/f_two.png
ERR: 无法加载模块:Image

[ 2017-01-02T13:54:20+08:00 ] ::1 /thinkphp/image/f_three.png
ERR: 无法加载模块:Image

[ 2017-01-02T13:54:20+08:00 ] ::1 /thinkphp/image/f_four.png
ERR: 无法加载模块:Image

[ 2017-01-02T13:54:20+08:00 ] ::1 /thinkphp/image/f_five.png
ERR: 无法加载模块:Image

[ 2017-01-02T13:54:46+08:00 ] ::1 /thinkphp/image/tubiao2.png
ERR: 无法加载模块:Image

[ 2017-01-02T13:54:46+08:00 ] ::1 /thinkphp/image/guanggao.png
ERR: 无法加载模块:Image

[ 2017-01-02T13:54:46+08:00 ] ::1 /thinkphp/image/chanping.png
ERR: 无法加载模块:Image

[ 2017-01-02T13:54:46+08:00 ] ::1 /thinkphp/image/chanping3.jpg
ERR: 无法加载模块:Image

[ 2017-01-02T13:54:46+08:00 ] ::1 /thinkphp/image/chanping5.jpg
ERR: 无法加载模块:Image

[ 2017-01-02T13:54:46+08:00 ] ::1 /thinkphp/image/f_one.png
ERR: 无法加载模块:Image

[ 2017-01-02T13:54:46+08:00 ] ::1 /thinkphp/image/f_two.png
ERR: 无法加载模块:Image

[ 2017-01-02T13:54:46+08:00 ] ::1 /thinkphp/image/f_four.png
ERR: 无法加载模块:Image

[ 2017-01-02T13:54:46+08:00 ] ::1 /thinkphp/image/f_five.png
ERR: 无法加载模块:Image

[ 2017-01-02T13:54:46+08:00 ] ::1 /thinkphp/image/f_three.png
ERR: 无法加载模块:Image

[ 2017-01-02T13:55:01+08:00 ] ::1 /thinkphp/image/chanping.png
ERR: 无法加载模块:Image

[ 2017-01-02T13:55:01+08:00 ] ::1 /thinkphp/image/guanggao.png
ERR: 无法加载模块:Image

[ 2017-01-02T13:55:01+08:00 ] ::1 /thinkphp/image/chanping3.jpg
ERR: 无法加载模块:Image

[ 2017-01-02T13:55:01+08:00 ] ::1 /thinkphp/image/chanping5.jpg
ERR: 无法加载模块:Image

[ 2017-01-02T13:55:01+08:00 ] ::1 /thinkphp/image/f_one.png
ERR: 无法加载模块:Image

[ 2017-01-02T13:55:01+08:00 ] ::1 /thinkphp/image/f_two.png
ERR: 无法加载模块:Image

[ 2017-01-02T13:55:01+08:00 ] ::1 /thinkphp/image/f_three.png
ERR: 无法加载模块:Image

[ 2017-01-02T13:55:01+08:00 ] ::1 /thinkphp/image/f_five.png
ERR: 无法加载模块:Image

[ 2017-01-02T13:55:01+08:00 ] ::1 /thinkphp/image/f_four.png
ERR: 无法加载模块:Image

[ 2017-01-02T13:55:46+08:00 ] ::1 /thinkphp/image/chanping3.jpg
ERR: 无法加载模块:Image

[ 2017-01-02T13:55:46+08:00 ] ::1 /thinkphp/image/chanping5.jpg
ERR: 无法加载模块:Image

[ 2017-01-02T13:55:46+08:00 ] ::1 /thinkphp/image/chanping.png
ERR: 无法加载模块:Image

[ 2017-01-02T13:55:47+08:00 ] ::1 /thinkphp/image/f_two.png
ERR: 无法加载模块:Image

[ 2017-01-02T13:55:47+08:00 ] ::1 /thinkphp/image/f_three.png
ERR: 无法加载模块:Image

[ 2017-01-02T13:55:47+08:00 ] ::1 /thinkphp/image/f_four.png
ERR: 无法加载模块:Image

[ 2017-01-02T13:55:47+08:00 ] ::1 /thinkphp/image/f_five.png
ERR: 无法加载模块:Image

[ 2017-01-02T13:56:06+08:00 ] ::1 /thinkphp/image/chanping3.jpg
ERR: 无法加载模块:Image

[ 2017-01-02T13:56:06+08:00 ] ::1 /thinkphp/image/chanping5.jpg
ERR: 无法加载模块:Image

[ 2017-01-02T13:56:06+08:00 ] ::1 /thinkphp/image/f_three.png
ERR: 无法加载模块:Image

[ 2017-01-02T13:56:06+08:00 ] ::1 /thinkphp/image/f_two.png
ERR: 无法加载模块:Image

[ 2017-01-02T13:56:06+08:00 ] ::1 /thinkphp/image/f_five.png
ERR: 无法加载模块:Image

[ 2017-01-02T13:56:06+08:00 ] ::1 /thinkphp/image/f_four.png
ERR: 无法加载模块:Image

[ 2017-01-02T13:57:47+08:00 ] ::1 /thinkphp/image/chanping5.jpg
ERR: 无法加载模块:Image

[ 2017-01-02T13:57:47+08:00 ] ::1 /thinkphp/image/chanping3.jpg
ERR: 无法加载模块:Image

[ 2017-01-02T13:57:48+08:00 ] ::1 /thinkphp/image/f_one.png
ERR: 无法加载模块:Image

[ 2017-01-02T13:57:48+08:00 ] ::1 /thinkphp/image/f_two.png
ERR: 无法加载模块:Image

[ 2017-01-02T13:57:48+08:00 ] ::1 /thinkphp/image/f_four.png
ERR: 无法加载模块:Image

[ 2017-01-02T13:57:48+08:00 ] ::1 /thinkphp/image/f_three.png
ERR: 无法加载模块:Image

[ 2017-01-02T13:57:48+08:00 ] ::1 /thinkphp/image/f_five.png
ERR: 无法加载模块:Image

[ 2017-01-02T13:58:45+08:00 ] ::1 /thinkphp/image/chanping5.jpg
ERR: 无法加载模块:Image

[ 2017-01-02T13:58:45+08:00 ] ::1 /thinkphp/image/chanping3.jpg
ERR: 无法加载模块:Image

[ 2017-01-02T13:58:45+08:00 ] ::1 /thinkphp/image/f_two.png
ERR: 无法加载模块:Image

[ 2017-01-02T13:58:45+08:00 ] ::1 /thinkphp/image/f_three.png
ERR: 无法加载模块:Image

[ 2017-01-02T13:58:45+08:00 ] ::1 /thinkphp/image/f_four.png
ERR: 无法加载模块:Image

[ 2017-01-02T13:58:45+08:00 ] ::1 /thinkphp/image/f_five.png
ERR: 无法加载模块:Image

[ 2017-01-02T13:59:10+08:00 ] ::1 /thinkphp/image/chanping5.jpg
ERR: 无法加载模块:Image

[ 2017-01-02T13:59:10+08:00 ] ::1 /thinkphp/image/chanping3.jpg
ERR: 无法加载模块:Image

[ 2017-01-02T13:59:10+08:00 ] ::1 /thinkphp/image/f_two.png
ERR: 无法加载模块:Image

[ 2017-01-02T13:59:10+08:00 ] ::1 /thinkphp/image/f_three.png
ERR: 无法加载模块:Image

[ 2017-01-02T13:59:10+08:00 ] ::1 /thinkphp/image/f_five.png
ERR: 无法加载模块:Image

[ 2017-01-02T13:59:10+08:00 ] ::1 /thinkphp/image/f_four.png
ERR: 无法加载模块:Image

[ 2017-01-02T13:59:53+08:00 ] ::1 /thinkphp/image/chanping5.jpg
ERR: 无法加载模块:Image

[ 2017-01-02T13:59:53+08:00 ] ::1 /thinkphp/image/chanping3.jpg
ERR: 无法加载模块:Image

[ 2017-01-02T13:59:53+08:00 ] ::1 /thinkphp/image/f_three.png
ERR: 无法加载模块:Image

[ 2017-01-02T13:59:53+08:00 ] ::1 /thinkphp/image/f_four.png
ERR: 无法加载模块:Image

[ 2017-01-02T13:59:53+08:00 ] ::1 /thinkphp/image/f_five.png
ERR: 无法加载模块:Image

[ 2017-01-02T14:02:38+08:00 ] ::1 /thinkphp/image/chanping5.jpg
ERR: 无法加载模块:Image

[ 2017-01-02T14:02:38+08:00 ] ::1 /thinkphp/image/chanping3.jpg
ERR: 无法加载模块:Image

[ 2017-01-02T14:02:38+08:00 ] ::1 /thinkphp/image/f_three.png
ERR: 无法加载模块:Image

[ 2017-01-02T14:02:38+08:00 ] ::1 /thinkphp/image/f_five.png
ERR: 无法加载模块:Image

[ 2017-01-02T14:02:39+08:00 ] ::1 /thinkphp/image/f_four.png
ERR: 无法加载模块:Image

[ 2017-01-02T14:06:21+08:00 ] ::1 /thinkphp/image/chanping3.jpg
ERR: 无法加载模块:Image

[ 2017-01-02T14:06:21+08:00 ] ::1 /thinkphp/image/chanping5.jpg
ERR: 无法加载模块:Image

[ 2017-01-02T14:06:21+08:00 ] ::1 /thinkphp/image/chanping3.jpg
ERR: 无法加载模块:Image

[ 2017-01-02T14:06:21+08:00 ] ::1 /thinkphp/image/f_three.png
ERR: 无法加载模块:Image

[ 2017-01-02T14:06:21+08:00 ] ::1 /thinkphp/image/f_four.png
ERR: 无法加载模块:Image

[ 2017-01-02T14:06:21+08:00 ] ::1 /thinkphp/image/f_five.png
ERR: 无法加载模块:Image

[ 2017-01-02T14:24:21+08:00 ] ::1 /thinkphp/image/chanping3.jpg
ERR: 无法加载模块:Image

[ 2017-01-02T14:24:21+08:00 ] ::1 /thinkphp/image/chanping5.jpg
ERR: 无法加载模块:Image

[ 2017-01-02T14:24:21+08:00 ] ::1 /thinkphp/image/f_three.png
ERR: 无法加载模块:Image

[ 2017-01-02T14:24:21+08:00 ] ::1 /thinkphp/image/f_four.png
ERR: 无法加载模块:Image

[ 2017-01-02T14:24:22+08:00 ] ::1 /thinkphp/image/f_five.png
ERR: 无法加载模块:Image

[ 2017-01-02T14:29:28+08:00 ] ::1 /thinkphp/image/chanping3.jpg
ERR: 无法加载模块:Image

[ 2017-01-02T14:29:28+08:00 ] ::1 /thinkphp/image/chanping5.jpg
ERR: 无法加载模块:Image

[ 2017-01-02T14:29:28+08:00 ] ::1 /thinkphp/image/f_three.png
ERR: 无法加载模块:Image

[ 2017-01-02T14:29:28+08:00 ] ::1 /thinkphp/image/f_four.png
ERR: 无法加载模块:Image

[ 2017-01-02T14:29:28+08:00 ] ::1 /thinkphp/image/f_five.png
ERR: 无法加载模块:Image

[ 2017-01-02T14:29:39+08:00 ] ::1 /thinkphp/image/chanping3.jpg
ERR: 无法加载模块:Image

[ 2017-01-02T14:29:39+08:00 ] ::1 /thinkphp/image/chanping5.jpg
ERR: 无法加载模块:Image

[ 2017-01-02T14:29:39+08:00 ] ::1 /thinkphp/image/f_three.png
ERR: 无法加载模块:Image

[ 2017-01-02T14:29:39+08:00 ] ::1 /thinkphp/image/f_four.png
ERR: 无法加载模块:Image

[ 2017-01-02T14:29:39+08:00 ] ::1 /thinkphp/image/f_five.png
ERR: 无法加载模块:Image

[ 2017-01-02T14:30:15+08:00 ] ::1 /thinkphp/image/chanping3.jpg
ERR: 无法加载模块:Image

[ 2017-01-02T14:30:15+08:00 ] ::1 /thinkphp/image/chanping5.jpg
ERR: 无法加载模块:Image

[ 2017-01-02T14:30:15+08:00 ] ::1 /thinkphp/image/f_three.png
ERR: 无法加载模块:Image

[ 2017-01-02T14:30:15+08:00 ] ::1 /thinkphp/image/f_four.png
ERR: 无法加载模块:Image

[ 2017-01-02T14:30:15+08:00 ] ::1 /thinkphp/image/f_five.png
ERR: 无法加载模块:Image

[ 2017-01-02T14:42:41+08:00 ] ::1 /thinkphp/image/chanping3.jpg
ERR: 无法加载模块:Image

[ 2017-01-02T14:42:41+08:00 ] ::1 /thinkphp/image/chanping5.jpg
ERR: 无法加载模块:Image

[ 2017-01-02T14:42:41+08:00 ] ::1 /thinkphp/image/f_three.png
ERR: 无法加载模块:Image

[ 2017-01-02T14:42:41+08:00 ] ::1 /thinkphp/image/f_four.png
ERR: 无法加载模块:Image

[ 2017-01-02T14:42:41+08:00 ] ::1 /thinkphp/image/f_five.png
ERR: 无法加载模块:Image

[ 2017-01-02T15:29:03+08:00 ] ::1 /thinkphp/image/chanping3.jpg
ERR: 无法加载模块:Image

[ 2017-01-02T15:29:03+08:00 ] ::1 /thinkphp/image/chanping5.jpg
ERR: 无法加载模块:Image

[ 2017-01-02T15:29:04+08:00 ] ::1 /thinkphp/image/f_three.png
ERR: 无法加载模块:Image

[ 2017-01-02T15:29:04+08:00 ] ::1 /thinkphp/image/f_four.png
ERR: 无法加载模块:Image

[ 2017-01-02T15:29:04+08:00 ] ::1 /thinkphp/image/f_five.png
ERR: 无法加载模块:Image

[ 2017-01-02T16:43:27+08:00 ] ::1 /thinkphp/image/chanping3.jpg
ERR: 无法加载模块:Image

[ 2017-01-02T16:43:27+08:00 ] ::1 /thinkphp/image/chanping5.jpg
ERR: 无法加载模块:Image

[ 2017-01-02T16:43:27+08:00 ] ::1 /thinkphp/image/f_three.png
ERR: 无法加载模块:Image

[ 2017-01-02T16:43:27+08:00 ] ::1 /thinkphp/image/f_four.png
ERR: 无法加载模块:Image

[ 2017-01-02T16:43:27+08:00 ] ::1 /thinkphp/image/f_five.png
ERR: 无法加载模块:Image

[ 2017-01-02T19:11:52+08:00 ] ::1 /thinkphp/image/chanping3.jpg
ERR: 无法加载模块:Image

[ 2017-01-02T19:11:52+08:00 ] ::1 /thinkphp/image/chanping5.jpg
ERR: 无法加载模块:Image

[ 2017-01-02T19:11:52+08:00 ] ::1 /thinkphp/image/f_three.png
ERR: 无法加载模块:Image

[ 2017-01-02T19:11:52+08:00 ] ::1 /thinkphp/image/f_four.png
ERR: 无法加载模块:Image

[ 2017-01-02T19:11:52+08:00 ] ::1 /thinkphp/image/f_five.png
ERR: 无法加载模块:Image

[ 2017-01-02T22:20:31+08:00 ] ::1 /thinkphp/Public/public_home/__PUBLIC__/public_home/image/f_two.png
ERR: 无法加载模块:Public

[ 2017-01-02T22:20:31+08:00 ] ::1 /thinkphp/Public/public_home/__PUBLIC__/public_home/image/f_three.png
ERR: 无法加载模块:Public

[ 2017-01-02T22:20:31+08:00 ] ::1 /thinkphp/Public/public_home/__PUBLIC__/public_home/image/f_four.png
ERR: 无法加载模块:Public

[ 2017-01-02T22:20:31+08:00 ] ::1 /thinkphp/Public/public_home/__PUBLIC__/public_home/image/f_five.png
ERR: 无法加载模块:Public

[ 2017-01-02T23:13:46+08:00 ] ::1 /thinkphp/product_list.html
ERR: 无法加载模块:Product_list

[ 2017-01-02T23:13:50+08:00 ] ::1 /thinkphp/lanmu.html
ERR: 无法加载模块:Lanmu

[ 2017-01-02T23:13:54+08:00 ] ::1 /thinkphp/lanmu.html
ERR: 无法加载模块:Lanmu

