[ 2017-01-05T13:30:03+08:00 ] ::1 /thinkphp/Public/uploads/%EF%BF%BD
ERR: 无法加载模块:Public

[ 2017-01-05T13:32:22+08:00 ] ::1 /thinkphp/Public/uploads/%EF%BF%BD
ERR: 无法加载模块:Public

[ 2017-01-05T13:32:41+08:00 ] ::1 /thinkphp/Public/uploads/%EF%BF%BD
ERR: 无法加载模块:Public

[ 2017-01-05T13:33:38+08:00 ] ::1 /thinkphp/Public/uploads/%EF%BF%BD
ERR: 无法加载模块:Public

[ 2017-01-05T13:35:02+08:00 ] ::1 /thinkphp/Public/uploads/%EF%BF%BD
ERR: 无法加载模块:Public

[ 2017-01-05T13:35:14+08:00 ] ::1 /thinkphp/Public/uploads/%EF%BF%BD
ERR: 无法加载模块:Public

[ 2017-01-05T13:35:14+08:00 ] ::1 /thinkphp/Public/uploads/%EF%BF%BD
ERR: 无法加载模块:Public

[ 2017-01-05T13:35:29+08:00 ] ::1 /thinkphp/Public/uploads/%EF%BF%BD
ERR: 无法加载模块:Public

[ 2017-01-05T13:35:29+08:00 ] ::1 /thinkphp/Public/uploads/%EF%BF%BD
ERR: 无法加载模块:Public

[ 2017-01-05T13:35:33+08:00 ] ::1 /thinkphp/Public/uploads/%EF%BF%BD
ERR: 无法加载模块:Public

[ 2017-01-05T13:36:10+08:00 ] ::1 /thinkphp/Public/uploads/%EF%BF%BD
ERR: 无法加载模块:Public

[ 2017-01-05T13:37:55+08:00 ] ::1 /thinkphp/Public/uploads/%EF%BF%BD
ERR: 无法加载模块:Public

[ 2017-01-05T13:37:57+08:00 ] ::1 /thinkphp/Public/uploads/%EF%BF%BD
ERR: 无法加载模块:Public

[ 2017-01-05T13:38:53+08:00 ] ::1 /thinkphp/Public/uploads/%EF%BF%BD
ERR: 无法加载模块:Public

[ 2017-01-05T13:39:42+08:00 ] ::1 /thinkphp/Public/uploads/%EF%BF%BD
ERR: 无法加载模块:Public

[ 2017-01-05T13:42:40+08:00 ] ::1 /thinkphp/Public/uploads/%EF%BF%BD
ERR: 无法加载模块:Public

[ 2017-01-05T13:43:45+08:00 ] ::1 /thinkphp/Public/uploads/%EF%BF%BD
ERR: 无法加载模块:Public

[ 2017-01-05T13:44:38+08:00 ] ::1 /thinkphp/Public/uploads/%EF%BF%BD
ERR: 无法加载模块:Public

[ 2017-01-05T13:47:53+08:00 ] ::1 /thinkphp/Public/uploads/%EF%BF%BD
ERR: 无法加载模块:Public

[ 2017-01-05T15:52:46+08:00 ] ::1 /thinkphp/Public/uploads/%E6%AF%8D%E5%A9%B4%E4%B8%93%E5%8C%BA
ERR: 无法加载模块:Public

[ 2017-01-05T21:23:39+08:00 ] ::1 /thinkphp/index.php/shoppcar.html
ERR: 无法加载模块:Shoppcar

