[ 2017-01-04T21:16:24+08:00 ] ::1 /thinkphp/index.php/lanmu.html
ERR: 无法加载模块:Lanmu

[ 2017-01-04T21:31:54+08:00 ] ::1 /thinkphp/Application/Home/View/css/public.css
ERR: 无法加载模块:Application

[ 2017-01-04T21:31:54+08:00 ] ::1 /thinkphp/Application/Home/View/js/slide.js
ERR: 无法加载模块:Application

[ 2017-01-04T21:31:54+08:00 ] ::1 /thinkphp/Application/Home/View/image/sanjiao.png
ERR: 无法加载模块:Application

[ 2017-01-04T21:31:54+08:00 ] ::1 /thinkphp/Application/Home/View/css/lanmu.css
ERR: 无法加载模块:Application

[ 2017-01-04T21:31:54+08:00 ] ::1 /thinkphp/Application/Home/View/js/jquery-1.7.2.min.js
ERR: 无法加载模块:Application

[ 2017-01-04T21:31:54+08:00 ] ::1 /thinkphp/Application/Home/View/image/logo.png
ERR: 无法加载模块:Application

[ 2017-01-04T21:31:54+08:00 ] ::1 /thinkphp/Application/Home/View/image/product2.png
ERR: 无法加载模块:Application

[ 2017-01-04T21:31:55+08:00 ] ::1 /thinkphp/Application/Home/View/image/product6.png
ERR: 无法加载模块:Application

[ 2017-01-04T21:31:55+08:00 ] ::1 /thinkphp/Application/Home/View/image/c3.png
ERR: 无法加载模块:Application

[ 2017-01-04T21:31:55+08:00 ] ::1 /thinkphp/Application/Home/View/image/c2.png
ERR: 无法加载模块:Application

[ 2017-01-04T21:31:55+08:00 ] ::1 /thinkphp/Application/Home/View/image/c1.png
ERR: 无法加载模块:Application

[ 2017-01-04T21:31:55+08:00 ] ::1 /thinkphp/Application/Home/View/image/product3.png
ERR: 无法加载模块:Application

[ 2017-01-04T21:31:55+08:00 ] ::1 /thinkphp/Application/Home/View/image/c5.png
ERR: 无法加载模块:Application

[ 2017-01-04T21:31:55+08:00 ] ::1 /thinkphp/Application/Home/View/image/weixin.png
ERR: 无法加载模块:Application

[ 2017-01-04T21:31:55+08:00 ] ::1 /thinkphp/Application/Home/View/image/weibo.png
ERR: 无法加载模块:Application

[ 2017-01-04T21:31:55+08:00 ] ::1 /thinkphp/Application/Home/View/image/QQ.png
ERR: 无法加载模块:Application

[ 2017-01-04T21:31:55+08:00 ] ::1 /thinkphp/Application/Home/View/image/weixin1.png
ERR: 无法加载模块:Application

[ 2017-01-04T21:31:55+08:00 ] ::1 /thinkphp/Application/Home/View/image/sanjiao.png
ERR: 无法加载模块:Application

